# JRE version: OpenJDK Runtime Environment Temurin-21.0.10+7 (21.0.10+7) (build 21.0.10+7-LTS)
# Java VM: OpenJDK 64-Bit Server VM Temurin-21.0.10+7 (21.0.10+7-LTS, mixed mode, sharing, tiered, compressed oops, compressed class ptrs, parallel gc, windows-amd64)
GC Precious Log:
 CardTable entry size: 512
 CPUs: 4 total, 4 available
 Memory: 3998M
 Large Page Support: Disabled
 NUMA Support: Disabled
 Compressed Oops: Enabled (32-bit)
 Alignments: Space 512K, Generation 512K, Heap 2M
 Heap Min Capacity: 8M
 Heap Initial Capacity: 64M
 Heap Max Capacity: 1G
 Pre-touch: Disabled
 Parallel Workers: 4
Heap:
 PSYoungGen      total 22528K, used 1631K [0x00000000eab00000, 0x00000000ec480000, 0x0000000100000000)
  eden space 18944K, 3% used [0x00000000eab00000,0x00000000eab98d78,0x00000000ebd80000)
  from space 3584K, 28% used [0x00000000ec100000,0x00000000ec1ff188,0x00000000ec480000)
  to   space 3584K, 0% used [0x00000000ebd80000,0x00000000ebd80000,0x00000000ec100000)
 ParOldGen       total 86016K, used 85924K [0x00000000c0000000, 0x00000000c5400000, 0x00000000eab00000)
  object space 86016K, 99% used [0x00000000c0000000,0x00000000c53e9268,0x00000000c5400000)
 Metaspace       used 70737K, committed 72320K, reserved 1114112K
  class space    used 7438K, committed 8128K, reserved 1048576K
GC Heap History (20 events):
Event: 211.570 GC heap before
{Heap before GC invocations=76 (full 3):
 PSYoungGen      total 23552K, used 19908K [0x00000000eab00000, 0x00000000ec680000, 0x0000000100000000)
  eden space 18944K, 100% used [0x00000000eab00000,0x00000000ebd80000,0x00000000ebd80000)
  from space 4608K, 20% used [0x00000000ec200000,0x00000000ec2f1210,0x00000000ec680000)
  to   space 4608K, 0% used [0x00000000ebd80000,0x00000000ebd80000,0x00000000ec200000)
 ParOldGen       total 84992K, used 84688K [0x00000000c0000000, 0x00000000c5300000, 0x00000000eab00000)
  object space 84992K, 99% used [0x00000000c0000000,0x00000000c52b43b8,0x00000000c5300000)
 Metaspace       used 69907K, committed 71488K, reserved 1114112K
  class space    used 7388K, committed 8064K, reserved 1048576K
}
Event: 211.572 GC heap after
{Heap after GC invocations=76 (full 3):
 PSYoungGen      total 23552K, used 282K [0x00000000eab00000, 0x00000000ec680000, 0x0000000100000000)
  eden space 18944K, 0% used [0x00000000eab00000,0x00000000eab00000,0x00000000ebd80000)
  from space 4608K, 6% used [0x00000000ebd80000,0x00000000ebdc6900,0x00000000ec200000)
  to   space 4608K, 0% used [0x00000000ec200000,0x00000000ec200000,0x00000000ec680000)
 ParOldGen       total 85504K, used 85116K [0x00000000c0000000, 0x00000000c5380000, 0x00000000eab00000)
  object space 85504K, 99% used [0x00000000c0000000,0x00000000c531f148,0x00000000c5380000)
 Metaspace       used 69907K, committed 71488K, reserved 1114112K
  class space    used 7388K, committed 8064K, reserved 1048576K
}
Event: 211.883 GC heap before
{Heap before GC invocations=77 (full 3):
 PSYoungGen      total 23552K, used 19226K [0x00000000eab00000, 0x00000000ec680000, 0x0000000100000000)
  eden space 18944K, 100% used [0x00000000eab00000,0x00000000ebd80000,0x00000000ebd80000)
  from space 4608K, 6% used [0x00000000ebd80000,0x00000000ebdc6900,0x00000000ec200000)
  to   space 4608K, 0% used [0x00000000ec200000,0x00000000ec200000,0x00000000ec680000)
 ParOldGen       total 85504K, used 85116K [0x00000000c0000000, 0x00000000c5380000, 0x00000000eab00000)
  object space 85504K, 99% used [0x00000000c0000000,0x00000000c531f148,0x00000000c5380000)
 Metaspace       used 70235K, committed 71744K, reserved 1114112K
  class space    used 7415K, committed 8064K, reserved 1048576K
}
Event: 211.886 GC heap after
{Heap after GC invocations=77 (full 3):
 PSYoungGen      total 23552K, used 580K [0x00000000eab00000, 0x00000000ec680000, 0x0000000100000000)
  eden space 18944K, 0% used [0x00000000eab00000,0x00000000eab00000,0x00000000ebd80000)
  from space 4608K, 12% used [0x00000000ec200000,0x00000000ec291210,0x00000000ec680000)
  to   space 4608K, 0% used [0x00000000ebd80000,0x00000000ebd80000,0x00000000ec200000)
 ParOldGen       total 85504K, used 85196K [0x00000000c0000000, 0x00000000c5380000, 0x00000000eab00000)
  object space 85504K, 99% used [0x00000000c0000000,0x00000000c5333148,0x00000000c5380000)
 Metaspace       used 70235K, committed 71744K, reserved 1114112K
  class space    used 7415K, committed 8064K, reserved 1048576K
}
Event: 212.012 GC heap before
{Heap before GC invocations=78 (full 3):
 PSYoungGen      total 23552K, used 19524K [0x00000000eab00000, 0x00000000ec680000, 0x0000000100000000)
  eden space 18944K, 100% used [0x00000000eab00000,0x00000000ebd80000,0x00000000ebd80000)
  from space 4608K, 12% used [0x00000000ec200000,0x00000000ec291210,0x00000000ec680000)
  to   space 4608K, 0% used [0x00000000ebd80000,0x00000000ebd80000,0x00000000ec200000)
 ParOldGen       total 85504K, used 85196K [0x00000000c0000000, 0x00000000c5380000, 0x00000000eab00000)
  object space 85504K, 99% used [0x00000000c0000000,0x00000000c5333148,0x00000000c5380000)
 Metaspace       used 70251K, committed 71808K, reserved 1114112K
  class space    used 7417K, committed 8064K, reserved 1048576K
}
Event: 212.013 GC heap after
{Heap after GC invocations=78 (full 3):
 PSYoungGen      total 23552K, used 410K [0x00000000eab00000, 0x00000000ec680000, 0x0000000100000000)
  eden space 18944K, 0% used [0x00000000eab00000,0x00000000eab00000,0x00000000ebd80000)
  from space 4608K, 8% used [0x00000000ebd80000,0x00000000ebde6900,0x00000000ec200000)
  to   space 4608K, 0% used [0x00000000ec200000,0x00000000ec200000,0x00000000ec680000)
 ParOldGen       total 85504K, used 85308K [0x00000000c0000000, 0x00000000c5380000, 0x00000000eab00000)
  object space 85504K, 99% used [0x00000000c0000000,0x00000000c534f1a8,0x00000000c5380000)
 Metaspace       used 70251K, committed 71808K, reserved 1114112K
  class space    used 7417K, committed 8064K, reserved 1048576K
}
Event: 212.271 GC heap before
{Heap before GC invocations=79 (full 3):
 PSYoungGen      total 23552K, used 19354K [0x00000000eab00000, 0x00000000ec680000, 0x0000000100000000)
  eden space 18944K, 100% used [0x00000000eab00000,0x00000000ebd80000,0x00000000ebd80000)
  from space 4608K, 8% used [0x00000000ebd80000,0x00000000ebde6900,0x00000000ec200000)
  to   space 4608K, 0% used [0x00000000ec200000,0x00000000ec200000,0x00000000ec680000)
 ParOldGen       total 85504K, used 85308K [0x00000000c0000000, 0x00000000c5380000, 0x00000000eab00000)
  object space 85504K, 99% used [0x00000000c0000000,0x00000000c534f1a8,0x00000000c5380000)
 Metaspace       used 70270K, committed 71808K, reserved 1114112K
  class space    used 7418K, committed 8064K, reserved 1048576K
}
Event: 212.273 GC heap after
{Heap after GC invocations=79 (full 3):
 PSYoungGen      total 23552K, used 564K [0x00000000eab00000, 0x00000000ec680000, 0x0000000100000000)
  eden space 18944K, 0% used [0x00000000eab00000,0x00000000eab00000,0x00000000ebd80000)
  from space 4608K, 12% used [0x00000000ec200000,0x00000000ec28d250,0x00000000ec680000)
  to   space 4608K, 0% used [0x00000000ebd80000,0x00000000ebd80000,0x00000000ec200000)
 ParOldGen       total 85504K, used 85340K [0x00000000c0000000, 0x00000000c5380000, 0x00000000eab00000)
  object space 85504K, 99% used [0x00000000c0000000,0x00000000c53571a8,0x00000000c5380000)
 Metaspace       used 70270K, committed 71808K, reserved 1114112K
  class space    used 7418K, committed 8064K, reserved 1048576K
}
Event: 212.463 GC heap before
{Heap before GC invocations=80 (full 3):
 PSYoungGen      total 23552K, used 19508K [0x00000000eab00000, 0x00000000ec680000, 0x0000000100000000)
  eden space 18944K, 100% used [0x00000000eab00000,0x00000000ebd80000,0x00000000ebd80000)
  from space 4608K, 12% used [0x00000000ec200000,0x00000000ec28d250,0x00000000ec680000)
  to   space 4608K, 0% used [0x00000000ebd80000,0x00000000ebd80000,0x00000000ec200000)
 ParOldGen       total 85504K, used 85340K [0x00000000c0000000, 0x00000000c5380000, 0x00000000eab00000)
  object space 85504K, 99% used [0x00000000c0000000,0x00000000c53571a8,0x00000000c5380000)
 Metaspace       used 70295K, committed 71808K, reserved 1114112K
  class space    used 7418K, committed 8064K, reserved 1048576K
}
Event: 212.465 GC heap after
{Heap after GC invocations=80 (full 3):
 PSYoungGen      total 23552K, used 218K [0x00000000eab00000, 0x00000000ec680000, 0x0000000100000000)
  eden space 18944K, 0% used [0x00000000eab00000,0x00000000eab00000,0x00000000ebd80000)
  from space 4608K, 4% used [0x00000000ebd80000,0x00000000ebdb6900,0x00000000ec200000)
  to   space 4608K, 0% used [0x00000000ec200000,0x00000000ec200000,0x00000000ec680000)
 ParOldGen       total 85504K, used 85452K [0x00000000c0000000, 0x00000000c5380000, 0x00000000eab00000)
  object space 85504K, 99% used [0x00000000c0000000,0x00000000c5373218,0x00000000c5380000)
 Metaspace       used 70295K, committed 71808K, reserved 1114112K
  class space    used 7418K, committed 8064K, reserved 1048576K
}
Event: 212.700 GC heap before
{Heap before GC invocations=81 (full 3):
 PSYoungGen      total 23552K, used 19162K [0x00000000eab00000, 0x00000000ec680000, 0x0000000100000000)
  eden space 18944K, 100% used [0x00000000eab00000,0x00000000ebd80000,0x00000000ebd80000)
  from space 4608K, 4% used [0x00000000ebd80000,0x00000000ebdb6900,0x00000000ec200000)
  to   space 4608K, 0% used [0x00000000ec200000,0x00000000ec200000,0x00000000ec680000)
 ParOldGen       total 85504K, used 85452K [0x00000000c0000000, 0x00000000c5380000, 0x00000000eab00000)
  object space 85504K, 99% used [0x00000000c0000000,0x00000000c5373218,0x00000000c5380000)
 Metaspace       used 70298K, committed 71808K, reserved 1114112K
  class space    used 7418K, committed 8064K, reserved 1048576K
}
Event: 212.702 GC heap after
{Heap after GC invocations=81 (full 3):
 PSYoungGen      total 22528K, used 596K [0x00000000eab00000, 0x00000000ec580000, 0x0000000100000000)
  eden space 18944K, 0% used [0x00000000eab00000,0x00000000eab00000,0x00000000ebd80000)
  from space 3584K, 16% used [0x00000000ec200000,0x00000000ec295200,0x00000000ec580000)
  to   space 4096K, 0% used [0x00000000ebd80000,0x00000000ebd80000,0x00000000ec180000)
 ParOldGen       total 86016K, used 85524K [0x00000000c0000000, 0x00000000c5400000, 0x00000000eab00000)
  object space 86016K, 99% used [0x00000000c0000000,0x00000000c5385218,0x00000000c5400000)
 Metaspace       used 70298K, committed 71808K, reserved 1114112K
  class space    used 7418K, committed 8064K, reserved 1048576K
}
Event: 213.088 GC heap before
{Heap before GC invocations=82 (full 3):
 PSYoungGen      total 22528K, used 19540K [0x00000000eab00000, 0x00000000ec580000, 0x0000000100000000)
  eden space 18944K, 100% used [0x00000000eab00000,0x00000000ebd80000,0x00000000ebd80000)
  from space 3584K, 16% used [0x00000000ec200000,0x00000000ec295200,0x00000000ec580000)
  to   space 4096K, 0% used [0x00000000ebd80000,0x00000000ebd80000,0x00000000ec180000)
 ParOldGen       total 86016K, used 85524K [0x00000000c0000000, 0x00000000c5400000, 0x00000000eab00000)
  object space 86016K, 99% used [0x00000000c0000000,0x00000000c5385218,0x00000000c5400000)
 Metaspace       used 70354K, committed 71936K, reserved 1114112K
  class space    used 7426K, committed 8128K, reserved 1048576K
}
Event: 213.091 GC heap after
{Heap after GC invocations=82 (full 3):
 PSYoungGen      total 23040K, used 564K [0x00000000eab00000, 0x00000000ec580000, 0x0000000100000000)
  eden space 18944K, 0% used [0x00000000eab00000,0x00000000eab00000,0x00000000ebd80000)
  from space 4096K, 13% used [0x00000000ebd80000,0x00000000ebe0d200,0x00000000ec180000)
  to   space 4096K, 0% used [0x00000000ec180000,0x00000000ec180000,0x00000000ec580000)
 ParOldGen       total 86016K, used 85588K [0x00000000c0000000, 0x00000000c5400000, 0x00000000eab00000)
  object space 86016K, 99% used [0x00000000c0000000,0x00000000c5395218,0x00000000c5400000)
 Metaspace       used 70354K, committed 71936K, reserved 1114112K
  class space    used 7426K, committed 8128K, reserved 1048576K
}
Event: 213.189 GC heap before
{Heap before GC invocations=83 (full 3):
 PSYoungGen      total 23040K, used 19508K [0x00000000eab00000, 0x00000000ec580000, 0x0000000100000000)
  eden space 18944K, 100% used [0x00000000eab00000,0x00000000ebd80000,0x00000000ebd80000)
  from space 4096K, 13% used [0x00000000ebd80000,0x00000000ebe0d200,0x00000000ec180000)
  to   space 4096K, 0% used [0x00000000ec180000,0x00000000ec180000,0x00000000ec580000)
 ParOldGen       total 86016K, used 85588K [0x00000000c0000000, 0x00000000c5400000, 0x00000000eab00000)
  object space 86016K, 99% used [0x00000000c0000000,0x00000000c5395218,0x00000000c5400000)
 Metaspace       used 70357K, committed 71936K, reserved 1114112K
  class space    used 7426K, committed 8128K, reserved 1048576K
}
Event: 213.190 GC heap after
{Heap after GC invocations=83 (full 3):
 PSYoungGen      total 23040K, used 154K [0x00000000eab00000, 0x00000000ec580000, 0x0000000100000000)
  eden space 18944K, 0% used [0x00000000eab00000,0x00000000eab00000,0x00000000ebd80000)
  from space 4096K, 3% used [0x00000000ec180000,0x00000000ec1a6900,0x00000000ec580000)
  to   space 4096K, 0% used [0x00000000ebd80000,0x00000000ebd80000,0x00000000ec180000)
 ParOldGen       total 86016K, used 85796K [0x00000000c0000000, 0x00000000c5400000, 0x00000000eab00000)
  object space 86016K, 99% used [0x00000000c0000000,0x00000000c53c9248,0x00000000c5400000)
 Metaspace       used 70357K, committed 71936K, reserved 1114112K
  class space    used 7426K, committed 8128K, reserved 1048576K
}
Event: 214.604 GC heap before
{Heap before GC invocations=84 (full 3):
 PSYoungGen      total 23040K, used 19098K [0x00000000eab00000, 0x00000000ec580000, 0x0000000100000000)
  eden space 18944K, 100% used [0x00000000eab00000,0x00000000ebd80000,0x00000000ebd80000)
  from space 4096K, 3% used [0x00000000ec180000,0x00000000ec1a6900,0x00000000ec580000)
  to   space 4096K, 0% used [0x00000000ebd80000,0x00000000ebd80000,0x00000000ec180000)
 ParOldGen       total 86016K, used 85796K [0x00000000c0000000, 0x00000000c5400000, 0x00000000eab00000)
  object space 86016K, 99% used [0x00000000c0000000,0x00000000c53c9248,0x00000000c5400000)
 Metaspace       used 70508K, committed 72064K, reserved 1114112K
  class space    used 7432K, committed 8128K, reserved 1048576K
}
Event: 214.606 GC heap after
{Heap after GC invocations=84 (full 3):
 PSYoungGen      total 19456K, used 480K [0x00000000eab00000, 0x00000000ec480000, 0x0000000100000000)
  eden space 18944K, 0% used [0x00000000eab00000,0x00000000eab00000,0x00000000ebd80000)
  from space 512K, 93% used [0x00000000ebd80000,0x00000000ebdf8080,0x00000000ebe00000)
  to   space 3584K, 0% used [0x00000000ec100000,0x00000000ec100000,0x00000000ec480000)
 ParOldGen       total 86016K, used 85828K [0x00000000c0000000, 0x00000000c5400000, 0x00000000eab00000)
  object space 86016K, 99% used [0x00000000c0000000,0x00000000c53d1248,0x00000000c5400000)
 Metaspace       used 70508K, committed 72064K, reserved 1114112K
  class space    used 7432K, committed 8128K, reserved 1048576K
}
Event: 21053.077 GC heap before
{Heap before GC invocations=85 (full 3):
 PSYoungGen      total 19456K, used 19424K [0x00000000eab00000, 0x00000000ec480000, 0x0000000100000000)
  eden space 18944K, 100% used [0x00000000eab00000,0x00000000ebd80000,0x00000000ebd80000)
  from space 512K, 93% used [0x00000000ebd80000,0x00000000ebdf8080,0x00000000ebe00000)
  to   space 3584K, 0% used [0x00000000ec100000,0x00000000ec100000,0x00000000ec480000)
 ParOldGen       total 86016K, used 85828K [0x00000000c0000000, 0x00000000c5400000, 0x00000000eab00000)
  object space 86016K, 99% used [0x00000000c0000000,0x00000000c53d1248,0x00000000c5400000)
 Metaspace       used 70737K, committed 72320K, reserved 1114112K
  class space    used 7438K, committed 8128K, reserved 1048576K
}
Event: 21053.429 GC heap after
{Heap after GC invocations=85 (full 3):
 PSYoungGen      total 22528K, used 1020K [0x00000000eab00000, 0x00000000ec480000, 0x0000000100000000)
  eden space 18944K, 0% used [0x00000000eab00000,0x00000000eab00000,0x00000000ebd80000)
  from space 3584K, 28% used [0x00000000ec100000,0x00000000ec1ff188,0x00000000ec480000)
  to   space 3584K, 0% used [0x00000000ebd80000,0x00000000ebd80000,0x00000000ec100000)
 ParOldGen       total 86016K, used 85924K [0x00000000c0000000, 0x00000000c5400000, 0x00000000eab00000)
  object space 86016K, 99% used [0x00000000c0000000,0x00000000c53e9268,0x00000000c5400000)
 Metaspace       used 70737K, committed 72320K, reserved 1114112K
  class space    used 7438K, committed 8128K, reserved 1048576K
}

