# JRE version: OpenJDK Runtime Environment Temurin-21.0.10+7 (21.0.10+7) (build 21.0.10+7-LTS)
# Java VM: OpenJDK 64-Bit Server VM Temurin-21.0.10+7 (21.0.10+7-LTS, mixed mode, sharing, tiered, compressed oops, compressed class ptrs, parallel gc, windows-amd64)
GC Precious Log:
 CardTable entry size: 512
 CPUs: 4 total, 4 available
 Memory: 3998M
 Large Page Support: Disabled
 NUMA Support: Disabled
 Compressed Oops: Enabled (32-bit)
 Alignments: Space 512K, Generation 512K, Heap 2M
 Heap Min Capacity: 100M
 Heap Initial Capacity: 100M
 Heap Max Capacity: 2G
 Pre-touch: Disabled
 Parallel Workers: 4
Heap:
 PSYoungGen      total 11776K, used 10275K [0x00000000d5580000, 0x00000000d6800000, 0x0000000100000000)
  eden space 10752K, 86% used [0x00000000d5580000,0x00000000d5e98ef8,0x00000000d6000000)
  from space 1024K, 93% used [0x00000000d6700000,0x00000000d67f0000,0x00000000d6800000)
  to   space 3072K, 0% used [0x00000000d6200000,0x00000000d6200000,0x00000000d6500000)
 ParOldGen       total 91136K, used 87183K [0x0000000080000000, 0x0000000085900000, 0x00000000d5580000)
  object space 91136K, 95% used [0x0000000080000000,0x0000000085523de0,0x0000000085900000)
 Metaspace       used 67216K, committed 68736K, reserved 1114112K
  class space    used 7041K, committed 7680K, reserved 1048576K
GC Heap History (20 events):
Event: 201.419 GC heap before
{Heap before GC invocations=84 (full 3):
 PSYoungGen      total 11776K, used 11358K [0x00000000d5580000, 0x00000000d6480000, 0x0000000100000000)
  eden space 10752K, 99% used [0x00000000d5580000,0x00000000d5ffd350,0x00000000d6000000)
  from space 1024K, 60% used [0x00000000d6380000,0x00000000d641a700,0x00000000d6480000)
  to   space 1536K, 0% used [0x00000000d6180000,0x00000000d6180000,0x00000000d6300000)
 ParOldGen       total 91136K, used 77225K [0x0000000080000000, 0x0000000085900000, 0x00000000d5580000)
  object space 91136K, 84% used [0x0000000080000000,0x0000000084b6a488,0x0000000085900000)
 Metaspace       used 61579K, committed 63040K, reserved 1114112K
  class space    used 6546K, committed 7168K, reserved 1048576K
}
Event: 201.431 GC heap after
{Heap after GC invocations=84 (full 3):
 PSYoungGen      total 12288K, used 1179K [0x00000000d5580000, 0x00000000d6400000, 0x0000000100000000)
  eden space 10752K, 0% used [0x00000000d5580000,0x00000000d5580000,0x00000000d6000000)
  from space 1536K, 76% used [0x00000000d6180000,0x00000000d62a6e90,0x00000000d6300000)
  to   space 1024K, 0% used [0x00000000d6300000,0x00000000d6300000,0x00000000d6400000)
 ParOldGen       total 91136K, used 77233K [0x0000000080000000, 0x0000000085900000, 0x00000000d5580000)
  object space 91136K, 84% used [0x0000000080000000,0x0000000084b6c488,0x0000000085900000)
 Metaspace       used 61579K, committed 63040K, reserved 1114112K
  class space    used 6546K, committed 7168K, reserved 1048576K
}
Event: 204.753 GC heap before
{Heap before GC invocations=85 (full 3):
 PSYoungGen      total 12288K, used 11897K [0x00000000d5580000, 0x00000000d6400000, 0x0000000100000000)
  eden space 10752K, 99% used [0x00000000d5580000,0x00000000d5ff7880,0x00000000d6000000)
  from space 1536K, 76% used [0x00000000d6180000,0x00000000d62a6e90,0x00000000d6300000)
  to   space 1024K, 0% used [0x00000000d6300000,0x00000000d6300000,0x00000000d6400000)
 ParOldGen       total 91136K, used 77233K [0x0000000080000000, 0x0000000085900000, 0x00000000d5580000)
  object space 91136K, 84% used [0x0000000080000000,0x0000000084b6c488,0x0000000085900000)
 Metaspace       used 62867K, committed 64320K, reserved 1114112K
  class space    used 6653K, committed 7296K, reserved 1048576K
}
Event: 204.762 GC heap after
{Heap after GC invocations=85 (full 3):
 PSYoungGen      total 11776K, used 864K [0x00000000d5580000, 0x00000000d6400000, 0x0000000100000000)
  eden space 10752K, 0% used [0x00000000d5580000,0x00000000d5580000,0x00000000d6000000)
  from space 1024K, 84% used [0x00000000d6300000,0x00000000d63d8000,0x00000000d6400000)
  to   space 1024K, 0% used [0x00000000d6200000,0x00000000d6200000,0x00000000d6300000)
 ParOldGen       total 91136K, used 77241K [0x0000000080000000, 0x0000000085900000, 0x00000000d5580000)
  object space 91136K, 84% used [0x0000000080000000,0x0000000084b6e488,0x0000000085900000)
 Metaspace       used 62867K, committed 64320K, reserved 1114112K
  class space    used 6653K, committed 7296K, reserved 1048576K
}
Event: 208.061 GC heap before
{Heap before GC invocations=86 (full 3):
 PSYoungGen      total 11776K, used 11616K [0x00000000d5580000, 0x00000000d6400000, 0x0000000100000000)
  eden space 10752K, 100% used [0x00000000d5580000,0x00000000d6000000,0x00000000d6000000)
  from space 1024K, 84% used [0x00000000d6300000,0x00000000d63d8000,0x00000000d6400000)
  to   space 1024K, 0% used [0x00000000d6200000,0x00000000d6200000,0x00000000d6300000)
 ParOldGen       total 91136K, used 77241K [0x0000000080000000, 0x0000000085900000, 0x00000000d5580000)
  object space 91136K, 84% used [0x0000000080000000,0x0000000084b6e488,0x0000000085900000)
 Metaspace       used 63390K, committed 64832K, reserved 1114112K
  class space    used 6693K, committed 7296K, reserved 1048576K
}
Event: 208.074 GC heap after
{Heap after GC invocations=86 (full 3):
 PSYoungGen      total 11776K, used 960K [0x00000000d5580000, 0x00000000d6380000, 0x0000000100000000)
  eden space 10752K, 0% used [0x00000000d5580000,0x00000000d5580000,0x00000000d6000000)
  from space 1024K, 93% used [0x00000000d6200000,0x00000000d62f0020,0x00000000d6300000)
  to   space 512K, 0% used [0x00000000d6300000,0x00000000d6300000,0x00000000d6380000)
 ParOldGen       total 91136K, used 77977K [0x0000000080000000, 0x0000000085900000, 0x00000000d5580000)
  object space 91136K, 85% used [0x0000000080000000,0x0000000084c26488,0x0000000085900000)
 Metaspace       used 63390K, committed 64832K, reserved 1114112K
  class space    used 6693K, committed 7296K, reserved 1048576K
}
Event: 210.457 GC heap before
{Heap before GC invocations=87 (full 3):
 PSYoungGen      total 11776K, used 11712K [0x00000000d5580000, 0x00000000d6380000, 0x0000000100000000)
  eden space 10752K, 100% used [0x00000000d5580000,0x00000000d6000000,0x00000000d6000000)
  from space 1024K, 93% used [0x00000000d6200000,0x00000000d62f0020,0x00000000d6300000)
  to   space 512K, 0% used [0x00000000d6300000,0x00000000d6300000,0x00000000d6380000)
 ParOldGen       total 91136K, used 77977K [0x0000000080000000, 0x0000000085900000, 0x00000000d5580000)
  object space 91136K, 85% used [0x0000000080000000,0x0000000084c26488,0x0000000085900000)
 Metaspace       used 64408K, committed 65856K, reserved 1114112K
  class space    used 6809K, committed 7424K, reserved 1048576K
}
Event: 210.476 GC heap after
{Heap after GC invocations=87 (full 3):
 PSYoungGen      total 11264K, used 512K [0x00000000d5580000, 0x00000000d6500000, 0x0000000100000000)
  eden space 10752K, 0% used [0x00000000d5580000,0x00000000d5580000,0x00000000d6000000)
  from space 512K, 100% used [0x00000000d6300000,0x00000000d6380000,0x00000000d6380000)
  to   space 2560K, 0% used [0x00000000d6000000,0x00000000d6000000,0x00000000d6280000)
 ParOldGen       total 91136K, used 79395K [0x0000000080000000, 0x0000000085900000, 0x00000000d5580000)
  object space 91136K, 87% used [0x0000000080000000,0x0000000084d88c68,0x0000000085900000)
 Metaspace       used 64408K, committed 65856K, reserved 1114112K
  class space    used 6809K, committed 7424K, reserved 1048576K
}
Event: 213.576 GC heap before
{Heap before GC invocations=88 (full 3):
 PSYoungGen      total 11264K, used 11264K [0x00000000d5580000, 0x00000000d6500000, 0x0000000100000000)
  eden space 10752K, 100% used [0x00000000d5580000,0x00000000d6000000,0x00000000d6000000)
  from space 512K, 100% used [0x00000000d6300000,0x00000000d6380000,0x00000000d6380000)
  to   space 2560K, 0% used [0x00000000d6000000,0x00000000d6000000,0x00000000d6280000)
 ParOldGen       total 91136K, used 79395K [0x0000000080000000, 0x0000000085900000, 0x00000000d5580000)
  object space 91136K, 87% used [0x0000000080000000,0x0000000084d88c68,0x0000000085900000)
 Metaspace       used 65215K, committed 66624K, reserved 1114112K
  class space    used 6831K, committed 7424K, reserved 1048576K
}
Event: 213.587 GC heap after
{Heap after GC invocations=88 (full 3):
 PSYoungGen      total 11776K, used 992K [0x00000000d5580000, 0x00000000d6380000, 0x0000000100000000)
  eden space 10752K, 0% used [0x00000000d5580000,0x00000000d5580000,0x00000000d6000000)
  from space 1024K, 96% used [0x00000000d6000000,0x00000000d60f8000,0x00000000d6100000)
  to   space 1536K, 0% used [0x00000000d6200000,0x00000000d6200000,0x00000000d6380000)
 ParOldGen       total 91136K, used 79909K [0x0000000080000000, 0x0000000085900000, 0x00000000d5580000)
  object space 91136K, 87% used [0x0000000080000000,0x0000000084e095c8,0x0000000085900000)
 Metaspace       used 65215K, committed 66624K, reserved 1114112K
  class space    used 6831K, committed 7424K, reserved 1048576K
}
Event: 217.610 GC heap before
{Heap before GC invocations=89 (full 3):
 PSYoungGen      total 11776K, used 11744K [0x00000000d5580000, 0x00000000d6380000, 0x0000000100000000)
  eden space 10752K, 100% used [0x00000000d5580000,0x00000000d6000000,0x00000000d6000000)
  from space 1024K, 96% used [0x00000000d6000000,0x00000000d60f8000,0x00000000d6100000)
  to   space 1536K, 0% used [0x00000000d6200000,0x00000000d6200000,0x00000000d6380000)
 ParOldGen       total 91136K, used 79909K [0x0000000080000000, 0x0000000085900000, 0x00000000d5580000)
  object space 91136K, 87% used [0x0000000080000000,0x0000000084e095c8,0x0000000085900000)
 Metaspace       used 65627K, committed 67072K, reserved 1114112K
  class space    used 6900K, committed 7552K, reserved 1048576K
}
Event: 217.627 GC heap after
{Heap after GC invocations=89 (full 3):
 PSYoungGen      total 12288K, used 1152K [0x00000000d5580000, 0x00000000d6380000, 0x0000000100000000)
  eden space 10752K, 0% used [0x00000000d5580000,0x00000000d5580000,0x00000000d6000000)
  from space 1536K, 75% used [0x00000000d6200000,0x00000000d6320000,0x00000000d6380000)
  to   space 1536K, 0% used [0x00000000d6080000,0x00000000d6080000,0x00000000d6200000)
 ParOldGen       total 91136K, used 80795K [0x0000000080000000, 0x0000000085900000, 0x00000000d5580000)
  object space 91136K, 88% used [0x0000000080000000,0x0000000084ee6f18,0x0000000085900000)
 Metaspace       used 65627K, committed 67072K, reserved 1114112K
  class space    used 6900K, committed 7552K, reserved 1048576K
}
Event: 220.634 GC heap before
{Heap before GC invocations=90 (full 3):
 PSYoungGen      total 12288K, used 11904K [0x00000000d5580000, 0x00000000d6380000, 0x0000000100000000)
  eden space 10752K, 100% used [0x00000000d5580000,0x00000000d6000000,0x00000000d6000000)
  from space 1536K, 75% used [0x00000000d6200000,0x00000000d6320000,0x00000000d6380000)
  to   space 1536K, 0% used [0x00000000d6080000,0x00000000d6080000,0x00000000d6200000)
 ParOldGen       total 91136K, used 80795K [0x0000000080000000, 0x0000000085900000, 0x00000000d5580000)
  object space 91136K, 88% used [0x0000000080000000,0x0000000084ee6f18,0x0000000085900000)
 Metaspace       used 65999K, committed 67392K, reserved 1114112K
  class space    used 6942K, committed 7552K, reserved 1048576K
}
Event: 220.644 GC heap after
{Heap after GC invocations=90 (full 3):
 PSYoungGen      total 11776K, used 608K [0x00000000d5580000, 0x00000000d6280000, 0x0000000100000000)
  eden space 10752K, 0% used [0x00000000d5580000,0x00000000d5580000,0x00000000d6000000)
  from space 1024K, 59% used [0x00000000d6080000,0x00000000d6118000,0x00000000d6180000)
  to   space 1024K, 0% used [0x00000000d6180000,0x00000000d6180000,0x00000000d6280000)
 ParOldGen       total 91136K, used 81747K [0x0000000080000000, 0x0000000085900000, 0x00000000d5580000)
  object space 91136K, 89% used [0x0000000080000000,0x0000000084fd4f18,0x0000000085900000)
 Metaspace       used 65999K, committed 67392K, reserved 1114112K
  class space    used 6942K, committed 7552K, reserved 1048576K
}
Event: 275.970 GC heap before
{Heap before GC invocations=91 (full 3):
 PSYoungGen      total 11776K, used 11360K [0x00000000d5580000, 0x00000000d6280000, 0x0000000100000000)
  eden space 10752K, 100% used [0x00000000d5580000,0x00000000d6000000,0x00000000d6000000)
  from space 1024K, 59% used [0x00000000d6080000,0x00000000d6118000,0x00000000d6180000)
  to   space 1024K, 0% used [0x00000000d6180000,0x00000000d6180000,0x00000000d6280000)
 ParOldGen       total 91136K, used 81747K [0x0000000080000000, 0x0000000085900000, 0x00000000d5580000)
  object space 91136K, 89% used [0x0000000080000000,0x0000000084fd4f18,0x0000000085900000)
 Metaspace       used 66732K, committed 68224K, reserved 1114112K
  class space    used 7007K, committed 7616K, reserved 1048576K
}
Event: 276.081 GC heap after
{Heap after GC invocations=91 (full 3):
 PSYoungGen      total 11776K, used 602K [0x00000000d5580000, 0x00000000d6280000, 0x0000000100000000)
  eden space 10752K, 0% used [0x00000000d5580000,0x00000000d5580000,0x00000000d6000000)
  from space 1024K, 58% used [0x00000000d6180000,0x00000000d6216908,0x00000000d6280000)
  to   space 1024K, 0% used [0x00000000d6080000,0x00000000d6080000,0x00000000d6180000)
 ParOldGen       total 91136K, used 82281K [0x0000000080000000, 0x0000000085900000, 0x00000000d5580000)
  object space 91136K, 90% used [0x0000000080000000,0x000000008505a640,0x0000000085900000)
 Metaspace       used 66732K, committed 68224K, reserved 1114112K
  class space    used 7007K, committed 7616K, reserved 1048576K
}
Event: 2976.538 GC heap before
{Heap before GC invocations=92 (full 3):
 PSYoungGen      total 11776K, used 11252K [0x00000000d5580000, 0x00000000d6280000, 0x0000000100000000)
  eden space 10752K, 99% used [0x00000000d5580000,0x00000000d5fe6a50,0x00000000d6000000)
  from space 1024K, 58% used [0x00000000d6180000,0x00000000d6216908,0x00000000d6280000)
  to   space 1024K, 0% used [0x00000000d6080000,0x00000000d6080000,0x00000000d6180000)
 ParOldGen       total 91136K, used 82281K [0x0000000080000000, 0x0000000085900000, 0x00000000d5580000)
  object space 91136K, 90% used [0x0000000080000000,0x000000008505a640,0x0000000085900000)
 Metaspace       used 67100K, committed 68608K, reserved 1114112K
  class space    used 7040K, committed 7680K, reserved 1048576K
}
Event: 2976.691 GC heap after
{Heap after GC invocations=92 (full 3):
 PSYoungGen      total 11776K, used 1018K [0x00000000d5580000, 0x00000000d6e00000, 0x0000000100000000)
  eden space 10752K, 0% used [0x00000000d5580000,0x00000000d5580000,0x00000000d6000000)
  from space 1024K, 99% used [0x00000000d6080000,0x00000000d617eb20,0x00000000d6180000)
  to   space 7168K, 0% used [0x00000000d6700000,0x00000000d6700000,0x00000000d6e00000)
 ParOldGen       total 91136K, used 87095K [0x0000000080000000, 0x0000000085900000, 0x00000000d5580000)
  object space 91136K, 95% used [0x0000000080000000,0x000000008550dde0,0x0000000085900000)
 Metaspace       used 67100K, committed 68608K, reserved 1114112K
  class space    used 7040K, committed 7680K, reserved 1048576K
}
Event: 3478.710 GC heap before
{Heap before GC invocations=93 (full 3):
 PSYoungGen      total 11776K, used 11770K [0x00000000d5580000, 0x00000000d6e00000, 0x0000000100000000)
  eden space 10752K, 99% used [0x00000000d5580000,0x00000000d5ffff80,0x00000000d6000000)
  from space 1024K, 99% used [0x00000000d6080000,0x00000000d617eb20,0x00000000d6180000)
  to   space 7168K, 0% used [0x00000000d6700000,0x00000000d6700000,0x00000000d6e00000)
 ParOldGen       total 91136K, used 87095K [0x0000000080000000, 0x0000000085900000, 0x00000000d5580000)
  object space 91136K, 95% used [0x0000000080000000,0x000000008550dde0,0x0000000085900000)
 Metaspace       used 67147K, committed 68672K, reserved 1114112K
  class space    used 7041K, committed 7680K, reserved 1048576K
}
Event: 3478.846 GC heap after
{Heap after GC invocations=93 (full 3):
 PSYoungGen      total 11776K, used 960K [0x00000000d5580000, 0x00000000d6800000, 0x0000000100000000)
  eden space 10752K, 0% used [0x00000000d5580000,0x00000000d5580000,0x00000000d6000000)
  from space 1024K, 93% used [0x00000000d6700000,0x00000000d67f0000,0x00000000d6800000)
  to   space 3072K, 0% used [0x00000000d6200000,0x00000000d6200000,0x00000000d6500000)
 ParOldGen       total 91136K, used 87183K [0x0000000080000000, 0x0000000085900000, 0x00000000d5580000)
  object space 91136K, 95% used [0x0000000080000000,0x0000000085523de0,0x0000000085900000)
 Metaspace       used 67147K, committed 68672K, reserved 1114112K
  class space    used 7041K, committed 7680K, reserved 1048576K
}

