# JRE version: OpenJDK Runtime Environment Temurin-21.0.10+7 (21.0.10+7) (build 21.0.10+7-LTS)
# Java VM: OpenJDK 64-Bit Server VM Temurin-21.0.10+7 (21.0.10+7-LTS, mixed mode, sharing, tiered, compressed oops, compressed class ptrs, parallel gc, windows-amd64)
GC Precious Log:
 CardTable entry size: 512
 CPUs: 4 total, 4 available
 Memory: 3998M
 Large Page Support: Disabled
 NUMA Support: Disabled
 Compressed Oops: Enabled (32-bit)
 Alignments: Space 512K, Generation 512K, Heap 2M
 Heap Min Capacity: 100M
 Heap Initial Capacity: 100M
 Heap Max Capacity: 2G
 Pre-touch: Disabled
 Parallel Workers: 4
Heap:
 PSYoungGen      total 9216K, used 8742K [0x00000000d5580000, 0x00000000d6580000, 0x0000000100000000)
  eden space 6144K, 95% used [0x00000000d5580000,0x00000000d5b381e8,0x00000000d5b80000)
  from space 3072K, 93% used [0x00000000d6280000,0x00000000d65519c0,0x00000000d6580000)
  to   space 3584K, 0% used [0x00000000d5e80000,0x00000000d5e80000,0x00000000d6200000)
 ParOldGen       total 196608K, used 196438K [0x0000000080000000, 0x000000008c000000, 0x00000000d5580000)
  object space 196608K, 99% used [0x0000000080000000,0x000000008bfd5930,0x000000008c000000)
 Metaspace       used 69721K, committed 71296K, reserved 1114112K
  class space    used 7207K, committed 7872K, reserved 1048576K
GC Heap History (20 events):
Event: 1464.544 GC heap before
{Heap before GC invocations=112 (full 3):
 PSYoungGen      total 14336K, used 14106K [0x00000000d5580000, 0x00000000d6600000, 0x0000000100000000)
  eden space 13824K, 100% used [0x00000000d5580000,0x00000000d6300000,0x00000000d6300000)
  from space 512K, 55% used [0x00000000d6580000,0x00000000d65c68c8,0x00000000d6600000)
  to   space 1024K, 0% used [0x00000000d6400000,0x00000000d6400000,0x00000000d6500000)
 ParOldGen       total 127488K, used 127067K [0x0000000080000000, 0x0000000087c80000, 0x00000000d5580000)
  object space 127488K, 99% used [0x0000000080000000,0x0000000087c16cb8,0x0000000087c80000)
 Metaspace       used 69488K, committed 71040K, reserved 1114112K
  class space    used 7202K, committed 7872K, reserved 1048576K
}
Event: 1464.622 GC heap after
{Heap after GC invocations=112 (full 3):
 PSYoungGen      total 14848K, used 1014K [0x00000000d5580000, 0x00000000d7200000, 0x0000000100000000)
  eden space 13824K, 0% used [0x00000000d5580000,0x00000000d5580000,0x00000000d6300000)
  from space 1024K, 99% used [0x00000000d6400000,0x00000000d64fda80,0x00000000d6500000)
  to   space 7680K, 0% used [0x00000000d6a80000,0x00000000d6a80000,0x00000000d7200000)
 ParOldGen       total 132608K, used 132235K [0x0000000080000000, 0x0000000088180000, 0x00000000d5580000)
  object space 132608K, 99% used [0x0000000080000000,0x0000000088122fd0,0x0000000088180000)
 Metaspace       used 69488K, committed 71040K, reserved 1114112K
  class space    used 7202K, committed 7872K, reserved 1048576K
}
Event: 1465.084 GC heap before
{Heap before GC invocations=113 (full 3):
 PSYoungGen      total 14848K, used 14836K [0x00000000d5580000, 0x00000000d7200000, 0x0000000100000000)
  eden space 13824K, 99% used [0x00000000d5580000,0x00000000d62ff718,0x00000000d6300000)
  from space 1024K, 99% used [0x00000000d6400000,0x00000000d64fda80,0x00000000d6500000)
  to   space 7680K, 0% used [0x00000000d6a80000,0x00000000d6a80000,0x00000000d7200000)
 ParOldGen       total 132608K, used 132235K [0x0000000080000000, 0x0000000088180000, 0x00000000d5580000)
  object space 132608K, 99% used [0x0000000080000000,0x0000000088122fd0,0x0000000088180000)
 Metaspace       used 69498K, committed 71040K, reserved 1114112K
  class space    used 7202K, committed 7872K, reserved 1048576K
}
Event: 1465.114 GC heap after
{Heap after GC invocations=113 (full 3):
 PSYoungGen      total 13824K, used 7676K [0x00000000d5580000, 0x00000000d8100000, 0x0000000100000000)
  eden space 6144K, 0% used [0x00000000d5580000,0x00000000d5580000,0x00000000d5b80000)
  from space 7680K, 99% used [0x00000000d6a80000,0x00000000d71ff310,0x00000000d7200000)
  to   space 15360K, 0% used [0x00000000d5b80000,0x00000000d5b80000,0x00000000d6a80000)
 ParOldGen       total 138752K, used 138279K [0x0000000080000000, 0x0000000088780000, 0x00000000d5580000)
  object space 138752K, 99% used [0x0000000080000000,0x0000000088709db0,0x0000000088780000)
 Metaspace       used 69498K, committed 71040K, reserved 1114112K
  class space    used 7202K, committed 7872K, reserved 1048576K
}
Event: 1465.771 GC heap before
{Heap before GC invocations=114 (full 3):
 PSYoungGen      total 13824K, used 13820K [0x00000000d5580000, 0x00000000d8100000, 0x0000000100000000)
  eden space 6144K, 100% used [0x00000000d5580000,0x00000000d5b80000,0x00000000d5b80000)
  from space 7680K, 99% used [0x00000000d6a80000,0x00000000d71ff310,0x00000000d7200000)
  to   space 15360K, 0% used [0x00000000d5b80000,0x00000000d5b80000,0x00000000d6a80000)
 ParOldGen       total 138752K, used 138279K [0x0000000080000000, 0x0000000088780000, 0x00000000d5580000)
  object space 138752K, 99% used [0x0000000080000000,0x0000000088709db0,0x0000000088780000)
 Metaspace       used 69538K, committed 71104K, reserved 1114112K
  class space    used 7202K, committed 7872K, reserved 1048576K
}
Event: 1465.785 GC heap after
{Heap after GC invocations=114 (full 3):
 PSYoungGen      total 7680K, used 1443K [0x00000000d5580000, 0x00000000d6b00000, 0x0000000100000000)
  eden space 6144K, 0% used [0x00000000d5580000,0x00000000d5580000,0x00000000d5b80000)
  from space 1536K, 93% used [0x00000000d5b80000,0x00000000d5ce8da0,0x00000000d5d00000)
  to   space 6144K, 0% used [0x00000000d6500000,0x00000000d6500000,0x00000000d6b00000)
 ParOldGen       total 143360K, used 143031K [0x0000000080000000, 0x0000000088c00000, 0x00000000d5580000)
  object space 143360K, 99% used [0x0000000080000000,0x0000000088baddb0,0x0000000088c00000)
 Metaspace       used 69538K, committed 71104K, reserved 1114112K
  class space    used 7202K, committed 7872K, reserved 1048576K
}
Event: 1466.145 GC heap before
{Heap before GC invocations=115 (full 3):
 PSYoungGen      total 7680K, used 7587K [0x00000000d5580000, 0x00000000d6b00000, 0x0000000100000000)
  eden space 6144K, 100% used [0x00000000d5580000,0x00000000d5b80000,0x00000000d5b80000)
  from space 1536K, 93% used [0x00000000d5b80000,0x00000000d5ce8da0,0x00000000d5d00000)
  to   space 6144K, 0% used [0x00000000d6500000,0x00000000d6500000,0x00000000d6b00000)
 ParOldGen       total 175104K, used 173751K [0x0000000080000000, 0x000000008ab00000, 0x00000000d5580000)
  object space 175104K, 99% used [0x0000000080000000,0x000000008a9adde0,0x000000008ab00000)
 Metaspace       used 69577K, committed 71168K, reserved 1114112K
  class space    used 7204K, committed 7872K, reserved 1048576K
}
Event: 1466.154 GC heap after
{Heap after GC invocations=115 (full 3):
 PSYoungGen      total 9216K, used 2652K [0x00000000d5580000, 0x00000000d6800000, 0x0000000100000000)
  eden space 6144K, 0% used [0x00000000d5580000,0x00000000d5580000,0x00000000d5b80000)
  from space 3072K, 86% used [0x00000000d6500000,0x00000000d6797110,0x00000000d6800000)
  to   space 3072K, 0% used [0x00000000d6200000,0x00000000d6200000,0x00000000d6500000)
 ParOldGen       total 175104K, used 174859K [0x0000000080000000, 0x000000008ab00000, 0x00000000d5580000)
  object space 175104K, 99% used [0x0000000080000000,0x000000008aac2c08,0x000000008ab00000)
 Metaspace       used 69577K, committed 71168K, reserved 1114112K
  class space    used 7204K, committed 7872K, reserved 1048576K
}
Event: 1466.370 GC heap before
{Heap before GC invocations=116 (full 3):
 PSYoungGen      total 9216K, used 8796K [0x00000000d5580000, 0x00000000d6800000, 0x0000000100000000)
  eden space 6144K, 100% used [0x00000000d5580000,0x00000000d5b80000,0x00000000d5b80000)
  from space 3072K, 86% used [0x00000000d6500000,0x00000000d6797110,0x00000000d6800000)
  to   space 3072K, 0% used [0x00000000d6200000,0x00000000d6200000,0x00000000d6500000)
 ParOldGen       total 175104K, used 174859K [0x0000000080000000, 0x000000008ab00000, 0x00000000d5580000)
  object space 175104K, 99% used [0x0000000080000000,0x000000008aac2c08,0x000000008ab00000)
 Metaspace       used 69583K, committed 71168K, reserved 1114112K
  class space    used 7204K, committed 7872K, reserved 1048576K
}
Event: 1466.385 GC heap after
{Heap after GC invocations=116 (full 3):
 PSYoungGen      total 7680K, used 1480K [0x00000000d5580000, 0x00000000d6580000, 0x0000000100000000)
  eden space 6144K, 0% used [0x00000000d5580000,0x00000000d5580000,0x00000000d5b80000)
  from space 1536K, 96% used [0x00000000d6200000,0x00000000d6372238,0x00000000d6380000)
  to   space 2048K, 0% used [0x00000000d6380000,0x00000000d6380000,0x00000000d6580000)
 ParOldGen       total 177152K, used 176916K [0x0000000080000000, 0x000000008ad00000, 0x00000000d5580000)
  object space 177152K, 99% used [0x0000000080000000,0x000000008acc53d8,0x000000008ad00000)
 Metaspace       used 69583K, committed 71168K, reserved 1114112K
  class space    used 7204K, committed 7872K, reserved 1048576K
}
Event: 1466.855 GC heap before
{Heap before GC invocations=117 (full 3):
 PSYoungGen      total 7680K, used 7348K [0x00000000d5580000, 0x00000000d6580000, 0x0000000100000000)
  eden space 6144K, 95% used [0x00000000d5580000,0x00000000d5b3b0d0,0x00000000d5b80000)
  from space 1536K, 96% used [0x00000000d6200000,0x00000000d6372238,0x00000000d6380000)
  to   space 2048K, 0% used [0x00000000d6380000,0x00000000d6380000,0x00000000d6580000)
 ParOldGen       total 177152K, used 176916K [0x0000000080000000, 0x000000008ad00000, 0x00000000d5580000)
  object space 177152K, 99% used [0x0000000080000000,0x000000008acc53d8,0x000000008ad00000)
 Metaspace       used 69624K, committed 71168K, reserved 1114112K
  class space    used 7206K, committed 7872K, reserved 1048576K
}
Event: 1466.868 GC heap after
{Heap after GC invocations=117 (full 3):
 PSYoungGen      total 8192K, used 2030K [0x00000000d5580000, 0x00000000d6580000, 0x0000000100000000)
  eden space 6144K, 0% used [0x00000000d5580000,0x00000000d5580000,0x00000000d5b80000)
  from space 2048K, 99% used [0x00000000d6380000,0x00000000d657b978,0x00000000d6580000)
  to   space 2560K, 0% used [0x00000000d6080000,0x00000000d6080000,0x00000000d6300000)
 ParOldGen       total 180224K, used 179224K [0x0000000080000000, 0x000000008b000000, 0x00000000d5580000)
  object space 180224K, 99% used [0x0000000080000000,0x000000008af063d8,0x000000008b000000)
 Metaspace       used 69624K, committed 71168K, reserved 1114112K
  class space    used 7206K, committed 7872K, reserved 1048576K
}
Event: 1467.333 GC heap before
{Heap before GC invocations=118 (full 3):
 PSYoungGen      total 8192K, used 8174K [0x00000000d5580000, 0x00000000d6580000, 0x0000000100000000)
  eden space 6144K, 100% used [0x00000000d5580000,0x00000000d5b80000,0x00000000d5b80000)
  from space 2048K, 99% used [0x00000000d6380000,0x00000000d657b978,0x00000000d6580000)
  to   space 2560K, 0% used [0x00000000d6080000,0x00000000d6080000,0x00000000d6300000)
 ParOldGen       total 180224K, used 179224K [0x0000000080000000, 0x000000008b000000, 0x00000000d5580000)
  object space 180224K, 99% used [0x0000000080000000,0x000000008af063d8,0x000000008b000000)
 Metaspace       used 69624K, committed 71168K, reserved 1114112K
  class space    used 7206K, committed 7872K, reserved 1048576K
}
Event: 1467.343 GC heap after
{Heap after GC invocations=118 (full 3):
 PSYoungGen      total 8704K, used 2530K [0x00000000d5580000, 0x00000000d6d80000, 0x0000000100000000)
  eden space 6144K, 0% used [0x00000000d5580000,0x00000000d5580000,0x00000000d5b80000)
  from space 2560K, 98% used [0x00000000d6080000,0x00000000d62f8978,0x00000000d6300000)
  to   space 9216K, 0% used [0x00000000d6480000,0x00000000d6480000,0x00000000d6d80000)
 ParOldGen       total 184832K, used 184795K [0x0000000080000000, 0x000000008b480000, 0x00000000d5580000)
  object space 184832K, 99% used [0x0000000080000000,0x000000008b476c40,0x000000008b480000)
 Metaspace       used 69624K, committed 71168K, reserved 1114112K
  class space    used 7206K, committed 7872K, reserved 1048576K
}
Event: 1468.027 GC heap before
{Heap before GC invocations=119 (full 3):
 PSYoungGen      total 8704K, used 8674K [0x00000000d5580000, 0x00000000d6d80000, 0x0000000100000000)
  eden space 6144K, 100% used [0x00000000d5580000,0x00000000d5b80000,0x00000000d5b80000)
  from space 2560K, 98% used [0x00000000d6080000,0x00000000d62f8978,0x00000000d6300000)
  to   space 9216K, 0% used [0x00000000d6480000,0x00000000d6480000,0x00000000d6d80000)
 ParOldGen       total 184832K, used 184795K [0x0000000080000000, 0x000000008b480000, 0x00000000d5580000)
  object space 184832K, 99% used [0x0000000080000000,0x000000008b476c40,0x000000008b480000)
 Metaspace       used 69626K, committed 71168K, reserved 1114112K
  class space    used 7206K, committed 7872K, reserved 1048576K
}
Event: 1468.037 GC heap after
{Heap after GC invocations=119 (full 3):
 PSYoungGen      total 11264K, used 4672K [0x00000000d5580000, 0x00000000d6980000, 0x0000000100000000)
  eden space 6144K, 0% used [0x00000000d5580000,0x00000000d5580000,0x00000000d5b80000)
  from space 5120K, 91% used [0x00000000d6480000,0x00000000d6910000,0x00000000d6980000)
  to   space 6144K, 0% used [0x00000000d5d80000,0x00000000d5d80000,0x00000000d6380000)
 ParOldGen       total 187392K, used 187349K [0x0000000080000000, 0x000000008b700000, 0x00000000d5580000)
  object space 187392K, 99% used [0x0000000080000000,0x000000008b6f55b8,0x000000008b700000)
 Metaspace       used 69626K, committed 71168K, reserved 1114112K
  class space    used 7206K, committed 7872K, reserved 1048576K
}
Event: 1468.128 GC heap before
{Heap before GC invocations=120 (full 3):
 PSYoungGen      total 11264K, used 10816K [0x00000000d5580000, 0x00000000d6980000, 0x0000000100000000)
  eden space 6144K, 100% used [0x00000000d5580000,0x00000000d5b80000,0x00000000d5b80000)
  from space 5120K, 91% used [0x00000000d6480000,0x00000000d6910000,0x00000000d6980000)
  to   space 6144K, 0% used [0x00000000d5d80000,0x00000000d5d80000,0x00000000d6380000)
 ParOldGen       total 187392K, used 187349K [0x0000000080000000, 0x000000008b700000, 0x00000000d5580000)
  object space 187392K, 99% used [0x0000000080000000,0x000000008b6f55b8,0x000000008b700000)
 Metaspace       used 69635K, committed 71168K, reserved 1114112K
  class space    used 7206K, committed 7872K, reserved 1048576K
}
Event: 1468.137 GC heap after
{Heap after GC invocations=120 (full 3):
 PSYoungGen      total 11264K, used 4635K [0x00000000d5580000, 0x00000000d6580000, 0x0000000100000000)
  eden space 6144K, 0% used [0x00000000d5580000,0x00000000d5580000,0x00000000d5b80000)
  from space 5120K, 90% used [0x00000000d5d80000,0x00000000d6206e18,0x00000000d6280000)
  to   space 3072K, 0% used [0x00000000d6280000,0x00000000d6280000,0x00000000d6580000)
 ParOldGen       total 192000K, used 191906K [0x0000000080000000, 0x000000008bb80000, 0x00000000d5580000)
  object space 192000K, 99% used [0x0000000080000000,0x000000008bb68b68,0x000000008bb80000)
 Metaspace       used 69635K, committed 71168K, reserved 1114112K
  class space    used 7206K, committed 7872K, reserved 1048576K
}
Event: 1468.287 GC heap before
{Heap before GC invocations=121 (full 3):
 PSYoungGen      total 11264K, used 10779K [0x00000000d5580000, 0x00000000d6580000, 0x0000000100000000)
  eden space 6144K, 100% used [0x00000000d5580000,0x00000000d5b80000,0x00000000d5b80000)
  from space 5120K, 90% used [0x00000000d5d80000,0x00000000d6206e18,0x00000000d6280000)
  to   space 3072K, 0% used [0x00000000d6280000,0x00000000d6280000,0x00000000d6580000)
 ParOldGen       total 192000K, used 191906K [0x0000000080000000, 0x000000008bb80000, 0x00000000d5580000)
  object space 192000K, 99% used [0x0000000080000000,0x000000008bb68b68,0x000000008bb80000)
 Metaspace       used 69638K, committed 71232K, reserved 1114112K
  class space    used 7206K, committed 7872K, reserved 1048576K
}
Event: 1468.296 GC heap after
{Heap after GC invocations=121 (full 3):
 PSYoungGen      total 9216K, used 2886K [0x00000000d5580000, 0x00000000d6580000, 0x0000000100000000)
  eden space 6144K, 0% used [0x00000000d5580000,0x00000000d5580000,0x00000000d5b80000)
  from space 3072K, 93% used [0x00000000d6280000,0x00000000d65519c0,0x00000000d6580000)
  to   space 3584K, 0% used [0x00000000d5e80000,0x00000000d5e80000,0x00000000d6200000)
 ParOldGen       total 196608K, used 196438K [0x0000000080000000, 0x000000008c000000, 0x00000000d5580000)
  object space 196608K, 99% used [0x0000000080000000,0x000000008bfd5930,0x000000008c000000)
 Metaspace       used 69638K, committed 71232K, reserved 1114112K
  class space    used 7206K, committed 7872K, reserved 1048576K
}

