# JRE version: OpenJDK Runtime Environment Temurin-21.0.10+7 (21.0.10+7) (build 21.0.10+7-LTS)
# Java VM: OpenJDK 64-Bit Server VM Temurin-21.0.10+7 (21.0.10+7-LTS, mixed mode, sharing, tiered, compressed oops, compressed class ptrs, parallel gc, windows-amd64)
GC Precious Log:
 CardTable entry size: 512
 CPUs: 4 total, 4 available
 Memory: 3998M
 Large Page Support: Disabled
 NUMA Support: Disabled
 Compressed Oops: Enabled (32-bit)
 Alignments: Space 512K, Generation 512K, Heap 2M
 Heap Min Capacity: 100M
 Heap Initial Capacity: 100M
 Heap Max Capacity: 2G
 Pre-touch: Disabled
 Parallel Workers: 4
Heap:
 PSYoungGen      total 23040K, used 19702K [0x00000000d5580000, 0x00000000d7000000, 0x0000000100000000)
  eden space 22016K, 89% used [0x00000000d5580000,0x00000000d68bd870,0x00000000d6b00000)
  from space 1024K, 0% used [0x00000000d6f00000,0x00000000d6f00000,0x00000000d7000000)
  to   space 1024K, 0% used [0x00000000d6e00000,0x00000000d6e00000,0x00000000d6f00000)
 ParOldGen       total 68608K, used 18829K [0x0000000080000000, 0x0000000084300000, 0x00000000d5580000)
  object space 68608K, 27% used [0x0000000080000000,0x00000000812634d0,0x0000000084300000)
 Metaspace       used 36659K, committed 37760K, reserved 1114112K
  class space    used 3793K, committed 4288K, reserved 1048576K
GC Heap History (20 events):
Event: 11.589 GC heap before
{Heap before GC invocations=7 (full 0):
 PSYoungGen      total 30208K, used 30027K [0x00000000d5580000, 0x00000000d7900000, 0x0000000100000000)
  eden space 24576K, 100% used [0x00000000d5580000,0x00000000d6d80000,0x00000000d6d80000)
  from space 5632K, 96% used [0x00000000d7380000,0x00000000d78d2d30,0x00000000d7900000)
  to   space 5632K, 0% used [0x00000000d6e00000,0x00000000d6e00000,0x00000000d7380000)
 ParOldGen       total 68608K, used 7640K [0x0000000080000000, 0x0000000084300000, 0x00000000d5580000)
  object space 68608K, 11% used [0x0000000080000000,0x0000000080776088,0x0000000084300000)
 Metaspace       used 20302K, committed 21120K, reserved 1114112K
  class space    used 2124K, committed 2496K, reserved 1048576K
}
Event: 11.607 GC heap after
{Heap after GC invocations=7 (full 0):
 PSYoungGen      total 28672K, used 4349K [0x00000000d5580000, 0x00000000d7700000, 0x0000000100000000)
  eden space 24064K, 0% used [0x00000000d5580000,0x00000000d5580000,0x00000000d6d00000)
  from space 4608K, 94% used [0x00000000d6e00000,0x00000000d723f4a0,0x00000000d7280000)
  to   space 4608K, 0% used [0x00000000d7280000,0x00000000d7280000,0x00000000d7700000)
 ParOldGen       total 68608K, used 9462K [0x0000000080000000, 0x0000000084300000, 0x00000000d5580000)
  object space 68608K, 13% used [0x0000000080000000,0x000000008093db70,0x0000000084300000)
 Metaspace       used 20302K, committed 21120K, reserved 1114112K
  class space    used 2124K, committed 2496K, reserved 1048576K
}
Event: 11.680 GC heap before
{Heap before GC invocations=8 (full 0):
 PSYoungGen      total 28672K, used 6881K [0x00000000d5580000, 0x00000000d7700000, 0x0000000100000000)
  eden space 24064K, 10% used [0x00000000d5580000,0x00000000d57f9048,0x00000000d6d00000)
  from space 4608K, 94% used [0x00000000d6e00000,0x00000000d723f4a0,0x00000000d7280000)
  to   space 4608K, 0% used [0x00000000d7280000,0x00000000d7280000,0x00000000d7700000)
 ParOldGen       total 68608K, used 9462K [0x0000000080000000, 0x0000000084300000, 0x00000000d5580000)
  object space 68608K, 13% used [0x0000000080000000,0x000000008093db70,0x0000000084300000)
 Metaspace       used 20739K, committed 21504K, reserved 1114112K
  class space    used 2173K, committed 2496K, reserved 1048576K
}
Event: 11.690 GC heap after
{Heap after GC invocations=8 (full 0):
 PSYoungGen      total 28160K, used 4082K [0x00000000d5580000, 0x00000000d7680000, 0x0000000100000000)
  eden space 24064K, 0% used [0x00000000d5580000,0x00000000d5580000,0x00000000d6d00000)
  from space 4096K, 99% used [0x00000000d7280000,0x00000000d767cac0,0x00000000d7680000)
  to   space 4608K, 0% used [0x00000000d6d80000,0x00000000d6d80000,0x00000000d7200000)
 ParOldGen       total 68608K, used 9770K [0x0000000080000000, 0x0000000084300000, 0x00000000d5580000)
  object space 68608K, 14% used [0x0000000080000000,0x000000008098aa28,0x0000000084300000)
 Metaspace       used 20739K, committed 21504K, reserved 1114112K
  class space    used 2173K, committed 2496K, reserved 1048576K
}
Event: 11.690 GC heap before
{Heap before GC invocations=9 (full 1):
 PSYoungGen      total 28160K, used 4082K [0x00000000d5580000, 0x00000000d7680000, 0x0000000100000000)
  eden space 24064K, 0% used [0x00000000d5580000,0x00000000d5580000,0x00000000d6d00000)
  from space 4096K, 99% used [0x00000000d7280000,0x00000000d767cac0,0x00000000d7680000)
  to   space 4608K, 0% used [0x00000000d6d80000,0x00000000d6d80000,0x00000000d7200000)
 ParOldGen       total 68608K, used 9770K [0x0000000080000000, 0x0000000084300000, 0x00000000d5580000)
  object space 68608K, 14% used [0x0000000080000000,0x000000008098aa28,0x0000000084300000)
 Metaspace       used 20739K, committed 21504K, reserved 1114112K
  class space    used 2173K, committed 2496K, reserved 1048576K
}
Event: 11.783 GC heap after
{Heap after GC invocations=9 (full 1):
 PSYoungGen      total 28160K, used 0K [0x00000000d5580000, 0x00000000d7680000, 0x0000000100000000)
  eden space 24064K, 0% used [0x00000000d5580000,0x00000000d5580000,0x00000000d6d00000)
  from space 4096K, 0% used [0x00000000d7280000,0x00000000d7280000,0x00000000d7680000)
  to   space 4608K, 0% used [0x00000000d6d80000,0x00000000d6d80000,0x00000000d7200000)
 ParOldGen       total 68608K, used 13293K [0x0000000080000000, 0x0000000084300000, 0x00000000d5580000)
  object space 68608K, 19% used [0x0000000080000000,0x0000000080cfb710,0x0000000084300000)
 Metaspace       used 20726K, committed 21504K, reserved 1114112K
  class space    used 2169K, committed 2496K, reserved 1048576K
}
Event: 12.335 GC heap before
{Heap before GC invocations=10 (full 1):
 PSYoungGen      total 28160K, used 24064K [0x00000000d5580000, 0x00000000d7680000, 0x0000000100000000)
  eden space 24064K, 100% used [0x00000000d5580000,0x00000000d6d00000,0x00000000d6d00000)
  from space 4096K, 0% used [0x00000000d7280000,0x00000000d7280000,0x00000000d7680000)
  to   space 4608K, 0% used [0x00000000d6d80000,0x00000000d6d80000,0x00000000d7200000)
 ParOldGen       total 68608K, used 13293K [0x0000000080000000, 0x0000000084300000, 0x00000000d5580000)
  object space 68608K, 19% used [0x0000000080000000,0x0000000080cfb710,0x0000000084300000)
 Metaspace       used 22908K, committed 23872K, reserved 1114112K
  class space    used 2393K, committed 2816K, reserved 1048576K
}
Event: 12.339 GC heap after
{Heap after GC invocations=10 (full 1):
 PSYoungGen      total 26624K, used 2918K [0x00000000d5580000, 0x00000000d7380000, 0x0000000100000000)
  eden space 23552K, 0% used [0x00000000d5580000,0x00000000d5580000,0x00000000d6c80000)
  from space 3072K, 95% used [0x00000000d6d80000,0x00000000d7059a38,0x00000000d7080000)
  to   space 3072K, 0% used [0x00000000d7080000,0x00000000d7080000,0x00000000d7380000)
 ParOldGen       total 68608K, used 13301K [0x0000000080000000, 0x0000000084300000, 0x00000000d5580000)
  object space 68608K, 19% used [0x0000000080000000,0x0000000080cfd710,0x0000000084300000)
 Metaspace       used 22908K, committed 23872K, reserved 1114112K
  class space    used 2393K, committed 2816K, reserved 1048576K
}
Event: 12.796 GC heap before
{Heap before GC invocations=11 (full 1):
 PSYoungGen      total 26624K, used 26470K [0x00000000d5580000, 0x00000000d7380000, 0x0000000100000000)
  eden space 23552K, 100% used [0x00000000d5580000,0x00000000d6c80000,0x00000000d6c80000)
  from space 3072K, 95% used [0x00000000d6d80000,0x00000000d7059a38,0x00000000d7080000)
  to   space 3072K, 0% used [0x00000000d7080000,0x00000000d7080000,0x00000000d7380000)
 ParOldGen       total 68608K, used 13301K [0x0000000080000000, 0x0000000084300000, 0x00000000d5580000)
  object space 68608K, 19% used [0x0000000080000000,0x0000000080cfd710,0x0000000084300000)
 Metaspace       used 26325K, committed 27328K, reserved 1114112K
  class space    used 2657K, committed 3072K, reserved 1048576K
}
Event: 12.799 GC heap after
{Heap after GC invocations=11 (full 1):
 PSYoungGen      total 24576K, used 1290K [0x00000000d5580000, 0x00000000d7200000, 0x0000000100000000)
  eden space 23040K, 0% used [0x00000000d5580000,0x00000000d5580000,0x00000000d6c00000)
  from space 1536K, 84% used [0x00000000d7080000,0x00000000d71c2b70,0x00000000d7200000)
  to   space 2048K, 0% used [0x00000000d6e00000,0x00000000d6e00000,0x00000000d7000000)
 ParOldGen       total 68608K, used 13309K [0x0000000080000000, 0x0000000084300000, 0x00000000d5580000)
  object space 68608K, 19% used [0x0000000080000000,0x0000000080cff710,0x0000000084300000)
 Metaspace       used 26325K, committed 27328K, reserved 1114112K
  class space    used 2657K, committed 3072K, reserved 1048576K
}
Event: 13.137 GC heap before
{Heap before GC invocations=12 (full 1):
 PSYoungGen      total 24576K, used 24330K [0x00000000d5580000, 0x00000000d7200000, 0x0000000100000000)
  eden space 23040K, 100% used [0x00000000d5580000,0x00000000d6c00000,0x00000000d6c00000)
  from space 1536K, 84% used [0x00000000d7080000,0x00000000d71c2b70,0x00000000d7200000)
  to   space 2048K, 0% used [0x00000000d6e00000,0x00000000d6e00000,0x00000000d7000000)
 ParOldGen       total 68608K, used 13309K [0x0000000080000000, 0x0000000084300000, 0x00000000d5580000)
  object space 68608K, 19% used [0x0000000080000000,0x0000000080cff710,0x0000000084300000)
 Metaspace       used 27738K, committed 28672K, reserved 1114112K
  class space    used 2744K, committed 3136K, reserved 1048576K
}
Event: 13.142 GC heap after
{Heap after GC invocations=12 (full 1):
 PSYoungGen      total 24576K, used 2045K [0x00000000d5580000, 0x00000000d7380000, 0x0000000100000000)
  eden space 22528K, 0% used [0x00000000d5580000,0x00000000d5580000,0x00000000d6b80000)
  from space 2048K, 99% used [0x00000000d6e00000,0x00000000d6fff430,0x00000000d7000000)
  to   space 3584K, 0% used [0x00000000d7000000,0x00000000d7000000,0x00000000d7380000)
 ParOldGen       total 68608K, used 14832K [0x0000000080000000, 0x0000000084300000, 0x00000000d5580000)
  object space 68608K, 21% used [0x0000000080000000,0x0000000080e7c2f0,0x0000000084300000)
 Metaspace       used 27738K, committed 28672K, reserved 1114112K
  class space    used 2744K, committed 3136K, reserved 1048576K
}
Event: 13.485 GC heap before
{Heap before GC invocations=13 (full 1):
 PSYoungGen      total 24576K, used 24573K [0x00000000d5580000, 0x00000000d7380000, 0x0000000100000000)
  eden space 22528K, 100% used [0x00000000d5580000,0x00000000d6b80000,0x00000000d6b80000)
  from space 2048K, 99% used [0x00000000d6e00000,0x00000000d6fff430,0x00000000d7000000)
  to   space 3584K, 0% used [0x00000000d7000000,0x00000000d7000000,0x00000000d7380000)
 ParOldGen       total 68608K, used 14832K [0x0000000080000000, 0x0000000084300000, 0x00000000d5580000)
  object space 68608K, 21% used [0x0000000080000000,0x0000000080e7c2f0,0x0000000084300000)
 Metaspace       used 30438K, committed 31424K, reserved 1114112K
  class space    used 3049K, committed 3456K, reserved 1048576K
}
Event: 13.493 GC heap after
{Heap after GC invocations=13 (full 1):
 PSYoungGen      total 23552K, used 1425K [0x00000000d5580000, 0x00000000d7180000, 0x0000000100000000)
  eden space 22016K, 0% used [0x00000000d5580000,0x00000000d5580000,0x00000000d6b00000)
  from space 1536K, 92% used [0x00000000d7000000,0x00000000d7164498,0x00000000d7180000)
  to   space 2560K, 0% used [0x00000000d6c80000,0x00000000d6c80000,0x00000000d6f00000)
 ParOldGen       total 68608K, used 16857K [0x0000000080000000, 0x0000000084300000, 0x00000000d5580000)
  object space 68608K, 24% used [0x0000000080000000,0x0000000081076638,0x0000000084300000)
 Metaspace       used 30438K, committed 31424K, reserved 1114112K
  class space    used 3049K, committed 3456K, reserved 1048576K
}
Event: 15.427 GC heap before
{Heap before GC invocations=14 (full 1):
 PSYoungGen      total 23552K, used 23441K [0x00000000d5580000, 0x00000000d7180000, 0x0000000100000000)
  eden space 22016K, 100% used [0x00000000d5580000,0x00000000d6b00000,0x00000000d6b00000)
  from space 1536K, 92% used [0x00000000d7000000,0x00000000d7164498,0x00000000d7180000)
  to   space 2560K, 0% used [0x00000000d6c80000,0x00000000d6c80000,0x00000000d6f00000)
 ParOldGen       total 68608K, used 16857K [0x0000000080000000, 0x0000000084300000, 0x00000000d5580000)
  object space 68608K, 24% used [0x0000000080000000,0x0000000081076638,0x0000000084300000)
 Metaspace       used 33576K, committed 34624K, reserved 1114112K
  class space    used 3439K, committed 3904K, reserved 1048576K
}
Event: 15.431 GC heap after
{Heap after GC invocations=14 (full 1):
 PSYoungGen      total 24576K, used 1261K [0x00000000d5580000, 0x00000000d7080000, 0x0000000100000000)
  eden space 22016K, 0% used [0x00000000d5580000,0x00000000d5580000,0x00000000d6b00000)
  from space 2560K, 49% used [0x00000000d6c80000,0x00000000d6dbb460,0x00000000d6f00000)
  to   space 1536K, 0% used [0x00000000d6f00000,0x00000000d6f00000,0x00000000d7080000)
 ParOldGen       total 68608K, used 17962K [0x0000000080000000, 0x0000000084300000, 0x00000000d5580000)
  object space 68608K, 26% used [0x0000000080000000,0x000000008118ab70,0x0000000084300000)
 Metaspace       used 33576K, committed 34624K, reserved 1114112K
  class space    used 3439K, committed 3904K, reserved 1048576K
}
Event: 16.757 GC heap before
{Heap before GC invocations=15 (full 1):
 PSYoungGen      total 24576K, used 17208K [0x00000000d5580000, 0x00000000d7080000, 0x0000000100000000)
  eden space 22016K, 72% used [0x00000000d5580000,0x00000000d6512cd8,0x00000000d6b00000)
  from space 2560K, 49% used [0x00000000d6c80000,0x00000000d6dbb460,0x00000000d6f00000)
  to   space 1536K, 0% used [0x00000000d6f00000,0x00000000d6f00000,0x00000000d7080000)
 ParOldGen       total 68608K, used 17962K [0x0000000080000000, 0x0000000084300000, 0x00000000d5580000)
  object space 68608K, 26% used [0x0000000080000000,0x000000008118ab70,0x0000000084300000)
 Metaspace       used 34798K, committed 35840K, reserved 1114112K
  class space    used 3587K, committed 4032K, reserved 1048576K
}
Event: 16.763 GC heap after
{Heap after GC invocations=15 (full 1):
 PSYoungGen      total 23040K, used 765K [0x00000000d5580000, 0x00000000d7000000, 0x0000000100000000)
  eden space 22016K, 0% used [0x00000000d5580000,0x00000000d5580000,0x00000000d6b00000)
  from space 1024K, 74% used [0x00000000d6f00000,0x00000000d6fbf6b0,0x00000000d7000000)
  to   space 1024K, 0% used [0x00000000d6e00000,0x00000000d6e00000,0x00000000d6f00000)
 ParOldGen       total 68608K, used 19064K [0x0000000080000000, 0x0000000084300000, 0x00000000d5580000)
  object space 68608K, 27% used [0x0000000080000000,0x000000008129e398,0x0000000084300000)
 Metaspace       used 34798K, committed 35840K, reserved 1114112K
  class space    used 3587K, committed 4032K, reserved 1048576K
}
Event: 16.763 GC heap before
{Heap before GC invocations=16 (full 2):
 PSYoungGen      total 23040K, used 765K [0x00000000d5580000, 0x00000000d7000000, 0x0000000100000000)
  eden space 22016K, 0% used [0x00000000d5580000,0x00000000d5580000,0x00000000d6b00000)
  from space 1024K, 74% used [0x00000000d6f00000,0x00000000d6fbf6b0,0x00000000d7000000)
  to   space 1024K, 0% used [0x00000000d6e00000,0x00000000d6e00000,0x00000000d6f00000)
 ParOldGen       total 68608K, used 19064K [0x0000000080000000, 0x0000000084300000, 0x00000000d5580000)
  object space 68608K, 27% used [0x0000000080000000,0x000000008129e398,0x0000000084300000)
 Metaspace       used 34798K, committed 35840K, reserved 1114112K
  class space    used 3587K, committed 4032K, reserved 1048576K
}
Event: 16.851 GC heap after
{Heap after GC invocations=16 (full 2):
 PSYoungGen      total 23040K, used 0K [0x00000000d5580000, 0x00000000d7000000, 0x0000000100000000)
  eden space 22016K, 0% used [0x00000000d5580000,0x00000000d5580000,0x00000000d6b00000)
  from space 1024K, 0% used [0x00000000d6f00000,0x00000000d6f00000,0x00000000d7000000)
  to   space 1024K, 0% used [0x00000000d6e00000,0x00000000d6e00000,0x00000000d6f00000)
 ParOldGen       total 68608K, used 18829K [0x0000000080000000, 0x0000000084300000, 0x00000000d5580000)
  object space 68608K, 27% used [0x0000000080000000,0x00000000812634d0,0x0000000084300000)
 Metaspace       used 34798K, committed 35840K, reserved 1114112K
  class space    used 3587K, committed 4032K, reserved 1048576K
}

