# JRE version: OpenJDK Runtime Environment Temurin-21.0.10+7 (21.0.10+7) (build 21.0.10+7-LTS)
# Java VM: OpenJDK 64-Bit Server VM Temurin-21.0.10+7 (21.0.10+7-LTS, mixed mode, sharing, tiered, compressed oops, compressed class ptrs, parallel gc, windows-amd64)
GC Precious Log:
 CardTable entry size: 512
 CPUs: 4 total, 4 available
 Memory: 3998M
 Large Page Support: Disabled
 NUMA Support: Disabled
 Compressed Oops: Enabled (32-bit)
 Alignments: Space 512K, Generation 512K, Heap 2M
 Heap Min Capacity: 100M
 Heap Initial Capacity: 100M
 Heap Max Capacity: 2G
 Pre-touch: Disabled
 Parallel Workers: 4
Heap:
 PSYoungGen      total 5120K, used 4334K [0x00000000d5580000, 0x00000000d5d00000, 0x0000000100000000)
  eden space 4608K, 90% used [0x00000000d5580000,0x00000000d5993910,0x00000000d5a00000)
  from space 512K, 31% used [0x00000000d5c80000,0x00000000d5ca8000,0x00000000d5d00000)
  to   space 512K, 0% used [0x00000000d5b00000,0x00000000d5b00000,0x00000000d5b80000)
 ParOldGen       total 286720K, used 281030K [0x0000000080000000, 0x0000000091800000, 0x00000000d5580000)
  object space 286720K, 98% used [0x0000000080000000,0x0000000091271bc0,0x0000000091800000)
 Metaspace       used 75996K, committed 77632K, reserved 1179648K
  class space    used 7869K, committed 8640K, reserved 1048576K
GC Heap History (20 events):
Event: 1969.621 GC heap before
{Heap before GC invocations=385 (full 4):
 PSYoungGen      total 3584K, used 3551K [0x00000000d5580000, 0x00000000d5d80000, 0x0000000100000000)
  eden space 3072K, 99% used [0x00000000d5580000,0x00000000d587ffd0,0x00000000d5880000)
  from space 512K, 93% used [0x00000000d5d00000,0x00000000d5d78000,0x00000000d5d80000)
  to   space 2048K, 0% used [0x00000000d5980000,0x00000000d5980000,0x00000000d5b80000)
 ParOldGen       total 254976K, used 237345K [0x0000000080000000, 0x000000008f900000, 0x00000000d5580000)
  object space 254976K, 93% used [0x0000000080000000,0x000000008e7c85a0,0x000000008f900000)
 Metaspace       used 75813K, committed 77504K, reserved 1179648K
  class space    used 7869K, committed 8640K, reserved 1048576K
}
Event: 1969.629 GC heap after
{Heap after GC invocations=385 (full 4):
 PSYoungGen      total 5120K, used 1366K [0x00000000d5580000, 0x00000000d5d80000, 0x0000000100000000)
  eden space 3072K, 0% used [0x00000000d5580000,0x00000000d5580000,0x00000000d5880000)
  from space 2048K, 66% used [0x00000000d5980000,0x00000000d5ad5b60,0x00000000d5b80000)
  to   space 2048K, 0% used [0x00000000d5b80000,0x00000000d5b80000,0x00000000d5d80000)
 ParOldGen       total 254976K, used 237753K [0x0000000080000000, 0x000000008f900000, 0x00000000d5580000)
  object space 254976K, 93% used [0x0000000080000000,0x000000008e82e5a0,0x000000008f900000)
 Metaspace       used 75813K, committed 77504K, reserved 1179648K
  class space    used 7869K, committed 8640K, reserved 1048576K
}
Event: 1969.654 GC heap before
{Heap before GC invocations=386 (full 4):
 PSYoungGen      total 5120K, used 4438K [0x00000000d5580000, 0x00000000d5d80000, 0x0000000100000000)
  eden space 3072K, 100% used [0x00000000d5580000,0x00000000d5880000,0x00000000d5880000)
  from space 2048K, 66% used [0x00000000d5980000,0x00000000d5ad5b60,0x00000000d5b80000)
  to   space 2048K, 0% used [0x00000000d5b80000,0x00000000d5b80000,0x00000000d5d80000)
 ParOldGen       total 254976K, used 237753K [0x0000000080000000, 0x000000008f900000, 0x00000000d5580000)
  object space 254976K, 93% used [0x0000000080000000,0x000000008e82e5a0,0x000000008f900000)
 Metaspace       used 75813K, committed 77504K, reserved 1179648K
  class space    used 7869K, committed 8640K, reserved 1048576K
}
Event: 1969.663 GC heap after
{Heap after GC invocations=386 (full 4):
 PSYoungGen      total 4096K, used 2048K [0x00000000d5580000, 0x00000000d6080000, 0x0000000100000000)
  eden space 2048K, 0% used [0x00000000d5580000,0x00000000d5580000,0x00000000d5780000)
  from space 2048K, 100% used [0x00000000d5b80000,0x00000000d5d80000,0x00000000d5d80000)
  to   space 4096K, 0% used [0x00000000d5780000,0x00000000d5780000,0x00000000d5b80000)
 ParOldGen       total 254976K, used 239018K [0x0000000080000000, 0x000000008f900000, 0x00000000d5580000)
  object space 254976K, 93% used [0x0000000080000000,0x000000008e96a930,0x000000008f900000)
 Metaspace       used 75813K, committed 77504K, reserved 1179648K
  class space    used 7869K, committed 8640K, reserved 1048576K
}
Event: 1969.678 GC heap before
{Heap before GC invocations=387 (full 4):
 PSYoungGen      total 4096K, used 4096K [0x00000000d5580000, 0x00000000d6080000, 0x0000000100000000)
  eden space 2048K, 100% used [0x00000000d5580000,0x00000000d5780000,0x00000000d5780000)
  from space 2048K, 100% used [0x00000000d5b80000,0x00000000d5d80000,0x00000000d5d80000)
  to   space 4096K, 0% used [0x00000000d5780000,0x00000000d5780000,0x00000000d5b80000)
 ParOldGen       total 254976K, used 239018K [0x0000000080000000, 0x000000008f900000, 0x00000000d5580000)
  object space 254976K, 93% used [0x0000000080000000,0x000000008e96a930,0x000000008f900000)
 Metaspace       used 75816K, committed 77504K, reserved 1179648K
  class space    used 7869K, committed 8640K, reserved 1048576K
}
Event: 1969.697 GC heap after
{Heap after GC invocations=387 (full 4):
 PSYoungGen      total 3584K, used 1472K [0x00000000d5580000, 0x00000000d5d00000, 0x0000000100000000)
  eden space 2048K, 0% used [0x00000000d5580000,0x00000000d5580000,0x00000000d5780000)
  from space 1536K, 95% used [0x00000000d5780000,0x00000000d58f0000,0x00000000d5900000)
  to   space 2560K, 0% used [0x00000000d5a80000,0x00000000d5a80000,0x00000000d5d00000)
 ParOldGen       total 254976K, used 241066K [0x0000000080000000, 0x000000008f900000, 0x00000000d5580000)
  object space 254976K, 94% used [0x0000000080000000,0x000000008eb6a930,0x000000008f900000)
 Metaspace       used 75816K, committed 77504K, reserved 1179648K
  class space    used 7869K, committed 8640K, reserved 1048576K
}
Event: 1969.706 GC heap before
{Heap before GC invocations=388 (full 4):
 PSYoungGen      total 3584K, used 3520K [0x00000000d5580000, 0x00000000d5d00000, 0x0000000100000000)
  eden space 2048K, 100% used [0x00000000d5580000,0x00000000d5780000,0x00000000d5780000)
  from space 1536K, 95% used [0x00000000d5780000,0x00000000d58f0000,0x00000000d5900000)
  to   space 2560K, 0% used [0x00000000d5a80000,0x00000000d5a80000,0x00000000d5d00000)
 ParOldGen       total 254976K, used 241066K [0x0000000080000000, 0x000000008f900000, 0x00000000d5580000)
  object space 254976K, 94% used [0x0000000080000000,0x000000008eb6a930,0x000000008f900000)
 Metaspace       used 75816K, committed 77504K, reserved 1179648K
  class space    used 7869K, committed 8640K, reserved 1048576K
}
Event: 1969.720 GC heap after
{Heap after GC invocations=388 (full 4):
 PSYoungGen      total 4608K, used 1760K [0x00000000d5580000, 0x00000000d5c80000, 0x0000000100000000)
  eden space 2560K, 0% used [0x00000000d5580000,0x00000000d5580000,0x00000000d5800000)
  from space 2048K, 85% used [0x00000000d5a80000,0x00000000d5c38000,0x00000000d5c80000)
  to   space 2048K, 0% used [0x00000000d5880000,0x00000000d5880000,0x00000000d5a80000)
 ParOldGen       total 254976K, used 242466K [0x0000000080000000, 0x000000008f900000, 0x00000000d5580000)
  object space 254976K, 95% used [0x0000000080000000,0x000000008ecc8930,0x000000008f900000)
 Metaspace       used 75816K, committed 77504K, reserved 1179648K
  class space    used 7869K, committed 8640K, reserved 1048576K
}
Event: 1969.752 GC heap before
{Heap before GC invocations=389 (full 4):
 PSYoungGen      total 4608K, used 4320K [0x00000000d5580000, 0x00000000d5c80000, 0x0000000100000000)
  eden space 2560K, 100% used [0x00000000d5580000,0x00000000d5800000,0x00000000d5800000)
  from space 2048K, 85% used [0x00000000d5a80000,0x00000000d5c38000,0x00000000d5c80000)
  to   space 2048K, 0% used [0x00000000d5880000,0x00000000d5880000,0x00000000d5a80000)
 ParOldGen       total 254976K, used 242466K [0x0000000080000000, 0x000000008f900000, 0x00000000d5580000)
  object space 254976K, 95% used [0x0000000080000000,0x000000008ecc8930,0x000000008f900000)
 Metaspace       used 75816K, committed 77504K, reserved 1179648K
  class space    used 7869K, committed 8640K, reserved 1048576K
}
Event: 1969.770 GC heap after
{Heap after GC invocations=389 (full 4):
 PSYoungGen      total 5120K, used 1600K [0x00000000d5580000, 0x00000000d5c80000, 0x0000000100000000)
  eden space 3072K, 0% used [0x00000000d5580000,0x00000000d5580000,0x00000000d5880000)
  from space 2048K, 78% used [0x00000000d5880000,0x00000000d5a10000,0x00000000d5a80000)
  to   space 2048K, 0% used [0x00000000d5a80000,0x00000000d5a80000,0x00000000d5c80000)
 ParOldGen       total 254976K, used 244178K [0x0000000080000000, 0x000000008f900000, 0x00000000d5580000)
  object space 254976K, 95% used [0x0000000080000000,0x000000008ee74930,0x000000008f900000)
 Metaspace       used 75816K, committed 77504K, reserved 1179648K
  class space    used 7869K, committed 8640K, reserved 1048576K
}
Event: 1969.828 GC heap before
{Heap before GC invocations=390 (full 4):
 PSYoungGen      total 5120K, used 4672K [0x00000000d5580000, 0x00000000d5c80000, 0x0000000100000000)
  eden space 3072K, 100% used [0x00000000d5580000,0x00000000d5880000,0x00000000d5880000)
  from space 2048K, 78% used [0x00000000d5880000,0x00000000d5a10000,0x00000000d5a80000)
  to   space 2048K, 0% used [0x00000000d5a80000,0x00000000d5a80000,0x00000000d5c80000)
 ParOldGen       total 254976K, used 244178K [0x0000000080000000, 0x000000008f900000, 0x00000000d5580000)
  object space 254976K, 95% used [0x0000000080000000,0x000000008ee74930,0x000000008f900000)
 Metaspace       used 75826K, committed 77504K, reserved 1179648K
  class space    used 7869K, committed 8640K, reserved 1048576K
}
Event: 1969.839 GC heap after
{Heap after GC invocations=390 (full 4):
 PSYoungGen      total 5632K, used 1088K [0x00000000d5580000, 0x00000000d5c80000, 0x0000000100000000)
  eden space 3584K, 0% used [0x00000000d5580000,0x00000000d5580000,0x00000000d5900000)
  from space 2048K, 53% used [0x00000000d5a80000,0x00000000d5b90000,0x00000000d5c80000)
  to   space 1536K, 0% used [0x00000000d5900000,0x00000000d5900000,0x00000000d5a80000)
 ParOldGen       total 254976K, used 245706K [0x0000000080000000, 0x000000008f900000, 0x00000000d5580000)
  object space 254976K, 96% used [0x0000000080000000,0x000000008eff2960,0x000000008f900000)
 Metaspace       used 75826K, committed 77504K, reserved 1179648K
  class space    used 7869K, committed 8640K, reserved 1048576K
}
Event: 1970.001 GC heap before
{Heap before GC invocations=391 (full 4):
 PSYoungGen      total 5632K, used 4672K [0x00000000d5580000, 0x00000000d5c80000, 0x0000000100000000)
  eden space 3584K, 100% used [0x00000000d5580000,0x00000000d5900000,0x00000000d5900000)
  from space 2048K, 53% used [0x00000000d5a80000,0x00000000d5b90000,0x00000000d5c80000)
  to   space 1536K, 0% used [0x00000000d5900000,0x00000000d5900000,0x00000000d5a80000)
 ParOldGen       total 254976K, used 245706K [0x0000000080000000, 0x000000008f900000, 0x00000000d5580000)
  object space 254976K, 96% used [0x0000000080000000,0x000000008eff2960,0x000000008f900000)
 Metaspace       used 75832K, committed 77504K, reserved 1179648K
  class space    used 7869K, committed 8640K, reserved 1048576K
}
Event: 1970.016 GC heap after
{Heap after GC invocations=391 (full 4):
 PSYoungGen      total 5120K, used 1524K [0x00000000d5580000, 0x00000000d6100000, 0x0000000100000000)
  eden space 3584K, 0% used [0x00000000d5580000,0x00000000d5580000,0x00000000d5900000)
  from space 1536K, 99% used [0x00000000d5900000,0x00000000d5a7d230,0x00000000d5a80000)
  to   space 3584K, 0% used [0x00000000d5d80000,0x00000000d5d80000,0x00000000d6100000)
 ParOldGen       total 254976K, used 247042K [0x0000000080000000, 0x000000008f900000, 0x00000000d5580000)
  object space 254976K, 96% used [0x0000000080000000,0x000000008f140960,0x000000008f900000)
 Metaspace       used 75832K, committed 77504K, reserved 1179648K
  class space    used 7869K, committed 8640K, reserved 1048576K
}
Event: 1970.086 GC heap before
{Heap before GC invocations=392 (full 4):
 PSYoungGen      total 5120K, used 5108K [0x00000000d5580000, 0x00000000d6100000, 0x0000000100000000)
  eden space 3584K, 100% used [0x00000000d5580000,0x00000000d5900000,0x00000000d5900000)
  from space 1536K, 99% used [0x00000000d5900000,0x00000000d5a7d230,0x00000000d5a80000)
  to   space 3584K, 0% used [0x00000000d5d80000,0x00000000d5d80000,0x00000000d6100000)
 ParOldGen       total 254976K, used 247042K [0x0000000080000000, 0x000000008f900000, 0x00000000d5580000)
  object space 254976K, 96% used [0x0000000080000000,0x000000008f140960,0x000000008f900000)
 Metaspace       used 75832K, committed 77504K, reserved 1179648K
  class space    used 7869K, committed 8640K, reserved 1048576K
}
Event: 1970.115 GC heap after
{Heap after GC invocations=392 (full 4):
 PSYoungGen      total 7168K, used 2080K [0x00000000d5580000, 0x00000000d6000000, 0x0000000100000000)
  eden space 4608K, 0% used [0x00000000d5580000,0x00000000d5580000,0x00000000d5a00000)
  from space 2560K, 81% used [0x00000000d5d80000,0x00000000d5f88000,0x00000000d6000000)
  to   space 2560K, 0% used [0x00000000d5b00000,0x00000000d5b00000,0x00000000d5d80000)
 ParOldGen       total 254976K, used 247990K [0x0000000080000000, 0x000000008f900000, 0x00000000d5580000)
  object space 254976K, 97% used [0x0000000080000000,0x000000008f22db90,0x000000008f900000)
 Metaspace       used 75832K, committed 77504K, reserved 1179648K
  class space    used 7869K, committed 8640K, reserved 1048576K
}
Event: 1971.491 GC heap before
{Heap before GC invocations=393 (full 4):
 PSYoungGen      total 7168K, used 6688K [0x00000000d5580000, 0x00000000d6000000, 0x0000000100000000)
  eden space 4608K, 100% used [0x00000000d5580000,0x00000000d5a00000,0x00000000d5a00000)
  from space 2560K, 81% used [0x00000000d5d80000,0x00000000d5f88000,0x00000000d6000000)
  to   space 2560K, 0% used [0x00000000d5b00000,0x00000000d5b00000,0x00000000d5d80000)
 ParOldGen       total 286720K, used 278710K [0x0000000080000000, 0x0000000091800000, 0x00000000d5580000)
  object space 286720K, 97% used [0x0000000080000000,0x000000009102dbc0,0x0000000091800000)
 Metaspace       used 75907K, committed 77568K, reserved 1179648K
  class space    used 7869K, committed 8640K, reserved 1048576K
}
Event: 1971.496 GC heap after
{Heap after GC invocations=393 (full 4):
 PSYoungGen      total 5120K, used 448K [0x00000000d5580000, 0x00000000d5e00000, 0x0000000100000000)
  eden space 4608K, 0% used [0x00000000d5580000,0x00000000d5580000,0x00000000d5a00000)
  from space 512K, 87% used [0x00000000d5b00000,0x00000000d5b70000,0x00000000d5b80000)
  to   space 1536K, 0% used [0x00000000d5c80000,0x00000000d5c80000,0x00000000d5e00000)
 ParOldGen       total 286720K, used 280694K [0x0000000080000000, 0x0000000091800000, 0x00000000d5580000)
  object space 286720K, 97% used [0x0000000080000000,0x000000009121dbc0,0x0000000091800000)
 Metaspace       used 75907K, committed 77568K, reserved 1179648K
  class space    used 7869K, committed 8640K, reserved 1048576K
}
Event: 2997.890 GC heap before
{Heap before GC invocations=394 (full 4):
 PSYoungGen      total 5120K, used 5056K [0x00000000d5580000, 0x00000000d5e00000, 0x0000000100000000)
  eden space 4608K, 100% used [0x00000000d5580000,0x00000000d5a00000,0x00000000d5a00000)
  from space 512K, 87% used [0x00000000d5b00000,0x00000000d5b70000,0x00000000d5b80000)
  to   space 1536K, 0% used [0x00000000d5c80000,0x00000000d5c80000,0x00000000d5e00000)
 ParOldGen       total 286720K, used 280694K [0x0000000080000000, 0x0000000091800000, 0x00000000d5580000)
  object space 286720K, 97% used [0x0000000080000000,0x000000009121dbc0,0x0000000091800000)
 Metaspace       used 75954K, committed 77632K, reserved 1179648K
  class space    used 7869K, committed 8640K, reserved 1048576K
}
Event: 2998.096 GC heap after
{Heap after GC invocations=394 (full 4):
 PSYoungGen      total 5120K, used 160K [0x00000000d5580000, 0x00000000d5d00000, 0x0000000100000000)
  eden space 4608K, 0% used [0x00000000d5580000,0x00000000d5580000,0x00000000d5a00000)
  from space 512K, 31% used [0x00000000d5c80000,0x00000000d5ca8000,0x00000000d5d00000)
  to   space 512K, 0% used [0x00000000d5b00000,0x00000000d5b00000,0x00000000d5b80000)
 ParOldGen       total 286720K, used 281030K [0x0000000080000000, 0x0000000091800000, 0x00000000d5580000)
  object space 286720K, 98% used [0x0000000080000000,0x0000000091271bc0,0x0000000091800000)
 Metaspace       used 75954K, committed 77632K, reserved 1179648K
  class space    used 7869K, committed 8640K, reserved 1048576K
}

