# JRE version: OpenJDK Runtime Environment Temurin-21.0.10+7 (21.0.10+7) (build 21.0.10+7-LTS)
# Java VM: OpenJDK 64-Bit Server VM Temurin-21.0.10+7 (21.0.10+7-LTS, mixed mode, sharing, tiered, compressed oops, compressed class ptrs, parallel gc, windows-amd64)
GC Precious Log:
 CardTable entry size: 512
 CPUs: 4 total, 4 available
 Memory: 3998M
 Large Page Support: Disabled
 NUMA Support: Disabled
 Compressed Oops: Enabled (32-bit)
 Alignments: Space 512K, Generation 512K, Heap 2M
 Heap Min Capacity: 100M
 Heap Initial Capacity: 100M
 Heap Max Capacity: 2G
 Pre-touch: Disabled
 Parallel Workers: 4
Heap:
 PSYoungGen      total 2048K, used 1333K [0x00000000d5580000, 0x00000000d5880000, 0x0000000100000000)
  eden space 1024K, 48% used [0x00000000d5580000,0x00000000d55fd690,0x00000000d5680000)
  from space 1024K, 81% used [0x00000000d5680000,0x00000000d5750000,0x00000000d5780000)
  to   space 1024K, 0% used [0x00000000d5780000,0x00000000d5780000,0x00000000d5880000)
 ParOldGen       total 816128K, used 815935K [0x0000000080000000, 0x00000000b1d00000, 0x00000000d5580000)
  object space 816128K, 99% used [0x0000000080000000,0x00000000b1ccfe40,0x00000000b1d00000)
 Metaspace       used 74031K, committed 75520K, reserved 1179648K
  class space    used 7617K, committed 8256K, reserved 1048576K
GC Heap History (20 events):
Event: 667.608 GC heap before
{Heap before GC invocations=2203 (full 3):
 PSYoungGen      total 1024K, used 991K [0x00000000d5580000, 0x00000000d5800000, 0x0000000100000000)
  eden space 512K, 99% used [0x00000000d5580000,0x00000000d55ffff0,0x00000000d5600000)
  from space 512K, 93% used [0x00000000d5600000,0x00000000d5678000,0x00000000d5680000)
  to   space 1024K, 0% used [0x00000000d5700000,0x00000000d5700000,0x00000000d5800000)
 ParOldGen       total 809984K, used 809700K [0x0000000080000000, 0x00000000b1700000, 0x00000000d5580000)
  object space 809984K, 99% used [0x0000000080000000,0x00000000b16b9290,0x00000000b1700000)
 Metaspace       used 73991K, committed 75520K, reserved 1179648K
  class space    used 7612K, committed 8256K, reserved 1048576K
}
Event: 667.614 GC heap after
{Heap after GC invocations=2203 (full 3):
 PSYoungGen      total 1536K, used 512K [0x00000000d5580000, 0x00000000d5880000, 0x0000000100000000)
  eden space 512K, 0% used [0x00000000d5580000,0x00000000d5580000,0x00000000d5600000)
  from space 1024K, 50% used [0x00000000d5700000,0x00000000d5780000,0x00000000d5800000)
  to   space 1024K, 0% used [0x00000000d5600000,0x00000000d5600000,0x00000000d5700000)
 ParOldGen       total 810496K, used 810148K [0x0000000080000000, 0x00000000b1780000, 0x00000000d5580000)
  object space 810496K, 99% used [0x0000000080000000,0x00000000b1729290,0x00000000b1780000)
 Metaspace       used 73991K, committed 75520K, reserved 1179648K
  class space    used 7612K, committed 8256K, reserved 1048576K
}
Event: 667.626 GC heap before
{Heap before GC invocations=2204 (full 3):
 PSYoungGen      total 1536K, used 1024K [0x00000000d5580000, 0x00000000d5880000, 0x0000000100000000)
  eden space 512K, 100% used [0x00000000d5580000,0x00000000d5600000,0x00000000d5600000)
  from space 1024K, 50% used [0x00000000d5700000,0x00000000d5780000,0x00000000d5800000)
  to   space 1024K, 0% used [0x00000000d5600000,0x00000000d5600000,0x00000000d5700000)
 ParOldGen       total 810496K, used 810148K [0x0000000080000000, 0x00000000b1780000, 0x00000000d5580000)
  object space 810496K, 99% used [0x0000000080000000,0x00000000b1729290,0x00000000b1780000)
 Metaspace       used 73991K, committed 75520K, reserved 1179648K
  class space    used 7612K, committed 8256K, reserved 1048576K
}
Event: 667.631 GC heap after
{Heap after GC invocations=2204 (full 3):
 PSYoungGen      total 1536K, used 512K [0x00000000d5580000, 0x00000000d5880000, 0x0000000100000000)
  eden space 512K, 0% used [0x00000000d5580000,0x00000000d5580000,0x00000000d5600000)
  from space 1024K, 50% used [0x00000000d5600000,0x00000000d5680000,0x00000000d5700000)
  to   space 1024K, 0% used [0x00000000d5780000,0x00000000d5780000,0x00000000d5880000)
 ParOldGen       total 811008K, used 810596K [0x0000000080000000, 0x00000000b1800000, 0x00000000d5580000)
  object space 811008K, 99% used [0x0000000080000000,0x00000000b1799290,0x00000000b1800000)
 Metaspace       used 73991K, committed 75520K, reserved 1179648K
  class space    used 7612K, committed 8256K, reserved 1048576K
}
Event: 667.639 GC heap before
{Heap before GC invocations=2205 (full 3):
 PSYoungGen      total 1536K, used 1024K [0x00000000d5580000, 0x00000000d5880000, 0x0000000100000000)
  eden space 512K, 100% used [0x00000000d5580000,0x00000000d5600000,0x00000000d5600000)
  from space 1024K, 50% used [0x00000000d5600000,0x00000000d5680000,0x00000000d5700000)
  to   space 1024K, 0% used [0x00000000d5780000,0x00000000d5780000,0x00000000d5880000)
 ParOldGen       total 811008K, used 810596K [0x0000000080000000, 0x00000000b1800000, 0x00000000d5580000)
  object space 811008K, 99% used [0x0000000080000000,0x00000000b1799290,0x00000000b1800000)
 Metaspace       used 73991K, committed 75520K, reserved 1179648K
  class space    used 7612K, committed 8256K, reserved 1048576K
}
Event: 667.643 GC heap after
{Heap after GC invocations=2205 (full 3):
 PSYoungGen      total 1536K, used 501K [0x00000000d5580000, 0x00000000d5800000, 0x0000000100000000)
  eden space 1024K, 0% used [0x00000000d5580000,0x00000000d5580000,0x00000000d5680000)
  from space 512K, 98% used [0x00000000d5780000,0x00000000d57fd7c0,0x00000000d5800000)
  to   space 512K, 0% used [0x00000000d5700000,0x00000000d5700000,0x00000000d5780000)
 ParOldGen       total 811520K, used 811052K [0x0000000080000000, 0x00000000b1880000, 0x00000000d5580000)
  object space 811520K, 99% used [0x0000000080000000,0x00000000b180b290,0x00000000b1880000)
 Metaspace       used 73991K, committed 75520K, reserved 1179648K
  class space    used 7612K, committed 8256K, reserved 1048576K
}
Event: 667.672 GC heap before
{Heap before GC invocations=2206 (full 3):
 PSYoungGen      total 1536K, used 1525K [0x00000000d5580000, 0x00000000d5800000, 0x0000000100000000)
  eden space 1024K, 100% used [0x00000000d5580000,0x00000000d5680000,0x00000000d5680000)
  from space 512K, 98% used [0x00000000d5780000,0x00000000d57fd7c0,0x00000000d5800000)
  to   space 512K, 0% used [0x00000000d5700000,0x00000000d5700000,0x00000000d5780000)
 ParOldGen       total 811520K, used 811052K [0x0000000080000000, 0x00000000b1880000, 0x00000000d5580000)
  object space 811520K, 99% used [0x0000000080000000,0x00000000b180b290,0x00000000b1880000)
 Metaspace       used 73993K, committed 75520K, reserved 1179648K
  class space    used 7612K, committed 8256K, reserved 1048576K
}
Event: 667.676 GC heap after
{Heap after GC invocations=2206 (full 3):
 PSYoungGen      total 1536K, used 498K [0x00000000d5580000, 0x00000000d5800000, 0x0000000100000000)
  eden space 1024K, 0% used [0x00000000d5580000,0x00000000d5580000,0x00000000d5680000)
  from space 512K, 97% used [0x00000000d5700000,0x00000000d577c8b8,0x00000000d5780000)
  to   space 512K, 0% used [0x00000000d5780000,0x00000000d5780000,0x00000000d5800000)
 ParOldGen       total 812032K, used 811916K [0x0000000080000000, 0x00000000b1900000, 0x00000000d5580000)
  object space 812032K, 99% used [0x0000000080000000,0x00000000b18e3308,0x00000000b1900000)
 Metaspace       used 73993K, committed 75520K, reserved 1179648K
  class space    used 7612K, committed 8256K, reserved 1048576K
}
Event: 667.704 GC heap before
{Heap before GC invocations=2207 (full 3):
 PSYoungGen      total 1536K, used 1522K [0x00000000d5580000, 0x00000000d5800000, 0x0000000100000000)
  eden space 1024K, 100% used [0x00000000d5580000,0x00000000d5680000,0x00000000d5680000)
  from space 512K, 97% used [0x00000000d5700000,0x00000000d577c8b8,0x00000000d5780000)
  to   space 512K, 0% used [0x00000000d5780000,0x00000000d5780000,0x00000000d5800000)
 ParOldGen       total 812032K, used 811916K [0x0000000080000000, 0x00000000b1900000, 0x00000000d5580000)
  object space 812032K, 99% used [0x0000000080000000,0x00000000b18e3308,0x00000000b1900000)
 Metaspace       used 73993K, committed 75520K, reserved 1179648K
  class space    used 7612K, committed 8256K, reserved 1048576K
}
Event: 667.708 GC heap after
{Heap after GC invocations=2207 (full 3):
 PSYoungGen      total 1024K, used 512K [0x00000000d5580000, 0x00000000d5980000, 0x0000000100000000)
  eden space 512K, 0% used [0x00000000d5580000,0x00000000d5580000,0x00000000d5600000)
  from space 512K, 100% used [0x00000000d5780000,0x00000000d5800000,0x00000000d5800000)
  to   space 1536K, 0% used [0x00000000d5600000,0x00000000d5600000,0x00000000d5780000)
 ParOldGen       total 813056K, used 812846K [0x0000000080000000, 0x00000000b1a00000, 0x00000000d5580000)
  object space 813056K, 99% used [0x0000000080000000,0x00000000b19cbbc0,0x00000000b1a00000)
 Metaspace       used 73993K, committed 75520K, reserved 1179648K
  class space    used 7612K, committed 8256K, reserved 1048576K
}
Event: 667.734 GC heap before
{Heap before GC invocations=2208 (full 3):
 PSYoungGen      total 1024K, used 1018K [0x00000000d5580000, 0x00000000d5980000, 0x0000000100000000)
  eden space 512K, 98% used [0x00000000d5580000,0x00000000d55feb08,0x00000000d5600000)
  from space 512K, 100% used [0x00000000d5780000,0x00000000d5800000,0x00000000d5800000)
  to   space 1536K, 0% used [0x00000000d5600000,0x00000000d5600000,0x00000000d5780000)
 ParOldGen       total 813056K, used 812846K [0x0000000080000000, 0x00000000b1a00000, 0x00000000d5580000)
  object space 813056K, 99% used [0x0000000080000000,0x00000000b19cbbc0,0x00000000b1a00000)
 Metaspace       used 73996K, committed 75520K, reserved 1179648K
  class space    used 7613K, committed 8256K, reserved 1048576K
}
Event: 667.740 GC heap after
{Heap after GC invocations=2208 (full 3):
 PSYoungGen      total 1024K, used 416K [0x00000000d5580000, 0x00000000d5800000, 0x0000000100000000)
  eden space 512K, 0% used [0x00000000d5580000,0x00000000d5580000,0x00000000d5600000)
  from space 512K, 81% used [0x00000000d5600000,0x00000000d5668000,0x00000000d5680000)
  to   space 1024K, 0% used [0x00000000d5700000,0x00000000d5700000,0x00000000d5800000)
 ParOldGen       total 813568K, used 813382K [0x0000000080000000, 0x00000000b1a80000, 0x00000000d5580000)
  object space 813568K, 99% used [0x0000000080000000,0x00000000b1a51bc0,0x00000000b1a80000)
 Metaspace       used 73996K, committed 75520K, reserved 1179648K
  class space    used 7613K, committed 8256K, reserved 1048576K
}
Event: 667.752 GC heap before
{Heap before GC invocations=2209 (full 3):
 PSYoungGen      total 1024K, used 928K [0x00000000d5580000, 0x00000000d5800000, 0x0000000100000000)
  eden space 512K, 100% used [0x00000000d5580000,0x00000000d5600000,0x00000000d5600000)
  from space 512K, 81% used [0x00000000d5600000,0x00000000d5668000,0x00000000d5680000)
  to   space 1024K, 0% used [0x00000000d5700000,0x00000000d5700000,0x00000000d5800000)
 ParOldGen       total 813568K, used 813382K [0x0000000080000000, 0x00000000b1a80000, 0x00000000d5580000)
  object space 813568K, 99% used [0x0000000080000000,0x00000000b1a51bc0,0x00000000b1a80000)
 Metaspace       used 73998K, committed 75520K, reserved 1179648K
  class space    used 7614K, committed 8256K, reserved 1048576K
}
Event: 667.758 GC heap after
{Heap after GC invocations=2209 (full 3):
 PSYoungGen      total 1536K, used 448K [0x00000000d5580000, 0x00000000d5780000, 0x0000000100000000)
  eden space 1024K, 0% used [0x00000000d5580000,0x00000000d5580000,0x00000000d5680000)
  from space 512K, 87% used [0x00000000d5700000,0x00000000d5770000,0x00000000d5780000)
  to   space 512K, 0% used [0x00000000d5680000,0x00000000d5680000,0x00000000d5700000)
 ParOldGen       total 814080K, used 813798K [0x0000000080000000, 0x00000000b1b00000, 0x00000000d5580000)
  object space 814080K, 99% used [0x0000000080000000,0x00000000b1ab9bc0,0x00000000b1b00000)
 Metaspace       used 73998K, committed 75520K, reserved 1179648K
  class space    used 7614K, committed 8256K, reserved 1048576K
}
Event: 667.796 GC heap before
{Heap before GC invocations=2210 (full 3):
 PSYoungGen      total 1536K, used 1472K [0x00000000d5580000, 0x00000000d5780000, 0x0000000100000000)
  eden space 1024K, 100% used [0x00000000d5580000,0x00000000d5680000,0x00000000d5680000)
  from space 512K, 87% used [0x00000000d5700000,0x00000000d5770000,0x00000000d5780000)
  to   space 512K, 0% used [0x00000000d5680000,0x00000000d5680000,0x00000000d5700000)
 ParOldGen       total 814080K, used 813798K [0x0000000080000000, 0x00000000b1b00000, 0x00000000d5580000)
  object space 814080K, 99% used [0x0000000080000000,0x00000000b1ab9bc0,0x00000000b1b00000)
 Metaspace       used 74001K, committed 75520K, reserved 1179648K
  class space    used 7614K, committed 8256K, reserved 1048576K
}
Event: 667.802 GC heap after
{Heap after GC invocations=2210 (full 3):
 PSYoungGen      total 1536K, used 512K [0x00000000d5580000, 0x00000000d5980000, 0x0000000100000000)
  eden space 1024K, 0% used [0x00000000d5580000,0x00000000d5580000,0x00000000d5680000)
  from space 512K, 100% used [0x00000000d5680000,0x00000000d5700000,0x00000000d5700000)
  to   space 1536K, 0% used [0x00000000d5800000,0x00000000d5800000,0x00000000d5980000)
 ParOldGen       total 815104K, used 814597K [0x0000000080000000, 0x00000000b1c00000, 0x00000000d5580000)
  object space 815104K, 99% used [0x0000000080000000,0x00000000b1b81510,0x00000000b1c00000)
 Metaspace       used 74001K, committed 75520K, reserved 1179648K
  class space    used 7614K, committed 8256K, reserved 1048576K
}
Event: 667.919 GC heap before
{Heap before GC invocations=2211 (full 3):
 PSYoungGen      total 1536K, used 1536K [0x00000000d5580000, 0x00000000d5980000, 0x0000000100000000)
  eden space 1024K, 100% used [0x00000000d5580000,0x00000000d5680000,0x00000000d5680000)
  from space 512K, 100% used [0x00000000d5680000,0x00000000d5700000,0x00000000d5700000)
  to   space 1536K, 0% used [0x00000000d5800000,0x00000000d5800000,0x00000000d5980000)
 ParOldGen       total 815104K, used 814597K [0x0000000080000000, 0x00000000b1c00000, 0x00000000d5580000)
  object space 815104K, 99% used [0x0000000080000000,0x00000000b1b81510,0x00000000b1c00000)
 Metaspace       used 74015K, committed 75520K, reserved 1179648K
  class space    used 7615K, committed 8256K, reserved 1048576K
}
Event: 667.925 GC heap after
{Heap after GC invocations=2211 (full 3):
 PSYoungGen      total 2560K, used 928K [0x00000000d5580000, 0x00000000d5980000, 0x0000000100000000)
  eden space 1024K, 0% used [0x00000000d5580000,0x00000000d5580000,0x00000000d5680000)
  from space 1536K, 60% used [0x00000000d5800000,0x00000000d58e8000,0x00000000d5980000)
  to   space 1536K, 0% used [0x00000000d5680000,0x00000000d5680000,0x00000000d5800000)
 ParOldGen       total 815616K, used 815123K [0x0000000080000000, 0x00000000b1c80000, 0x00000000d5580000)
  object space 815616K, 99% used [0x0000000080000000,0x00000000b1c04f00,0x00000000b1c80000)
 Metaspace       used 74015K, committed 75520K, reserved 1179648K
  class space    used 7615K, committed 8256K, reserved 1048576K
}
Event: 667.948 GC heap before
{Heap before GC invocations=2212 (full 3):
 PSYoungGen      total 2560K, used 1951K [0x00000000d5580000, 0x00000000d5980000, 0x0000000100000000)
  eden space 1024K, 99% used [0x00000000d5580000,0x00000000d567ffd0,0x00000000d5680000)
  from space 1536K, 60% used [0x00000000d5800000,0x00000000d58e8000,0x00000000d5980000)
  to   space 1536K, 0% used [0x00000000d5680000,0x00000000d5680000,0x00000000d5800000)
 ParOldGen       total 815616K, used 815123K [0x0000000080000000, 0x00000000b1c80000, 0x00000000d5580000)
  object space 815616K, 99% used [0x0000000080000000,0x00000000b1c04f00,0x00000000b1c80000)
 Metaspace       used 74016K, committed 75520K, reserved 1179648K
  class space    used 7615K, committed 8256K, reserved 1048576K
}
Event: 667.955 GC heap after
{Heap after GC invocations=2212 (full 3):
 PSYoungGen      total 2048K, used 832K [0x00000000d5580000, 0x00000000d5880000, 0x0000000100000000)
  eden space 1024K, 0% used [0x00000000d5580000,0x00000000d5580000,0x00000000d5680000)
  from space 1024K, 81% used [0x00000000d5680000,0x00000000d5750000,0x00000000d5780000)
  to   space 1024K, 0% used [0x00000000d5780000,0x00000000d5780000,0x00000000d5880000)
 ParOldGen       total 816128K, used 815935K [0x0000000080000000, 0x00000000b1d00000, 0x00000000d5580000)
  object space 816128K, 99% used [0x0000000080000000,0x00000000b1ccfe40,0x00000000b1d00000)
 Metaspace       used 74016K, committed 75520K, reserved 1179648K
  class space    used 7615K, committed 8256K, reserved 1048576K
}

