# JRE version: OpenJDK Runtime Environment Temurin-21.0.10+7 (21.0.10+7) (build 21.0.10+7-LTS)
# Java VM: OpenJDK 64-Bit Server VM Temurin-21.0.10+7 (21.0.10+7-LTS, mixed mode, sharing, tiered, compressed oops, compressed class ptrs, parallel gc, windows-amd64)
GC Precious Log:
 CardTable entry size: 512
 CPUs: 4 total, 4 available
 Memory: 3998M
 Large Page Support: Disabled
 NUMA Support: Disabled
 Compressed Oops: Enabled (32-bit)
 Alignments: Space 512K, Generation 512K, Heap 2M
 Heap Min Capacity: 100M
 Heap Initial Capacity: 100M
 Heap Max Capacity: 2G
 Pre-touch: Disabled
 Parallel Workers: 4
Heap:
 PSYoungGen      total 2560K, used 821K [0x00000000d5580000, 0x00000000d5900000, 0x0000000100000000)
  eden space 2048K, 33% used [0x00000000d5580000,0x00000000d562d680,0x00000000d5780000)
  from space 512K, 25% used [0x00000000d5880000,0x00000000d58a0000,0x00000000d5900000)
  to   space 512K, 0% used [0x00000000d5800000,0x00000000d5800000,0x00000000d5880000)
 ParOldGen       total 200704K, used 91647K [0x0000000080000000, 0x000000008c400000, 0x00000000d5580000)
  object space 200704K, 45% used [0x0000000080000000,0x000000008597fd98,0x000000008c400000)
 Metaspace       used 80961K, committed 82752K, reserved 1179648K
  class space    used 8324K, committed 9216K, reserved 1048576K
GC Heap History (20 events):
Event: 90533.477 GC heap before
{Heap before GC invocations=399 (full 4):
 PSYoungGen      total 2560K, used 2233K [0x00000000d5580000, 0x00000000d5900000, 0x0000000100000000)
  eden space 2048K, 99% used [0x00000000d5580000,0x00000000d577e6d0,0x00000000d5780000)
  from space 512K, 37% used [0x00000000d5880000,0x00000000d58b0000,0x00000000d5900000)
  to   space 512K, 0% used [0x00000000d5800000,0x00000000d5800000,0x00000000d5880000)
 ParOldGen       total 200704K, used 89165K [0x0000000080000000, 0x000000008c400000, 0x00000000d5580000)
  object space 200704K, 44% used [0x0000000080000000,0x0000000085713498,0x000000008c400000)
 Metaspace       used 80383K, committed 82368K, reserved 1179648K
  class space    used 8246K, committed 9152K, reserved 1048576K
}
Event: 90533.562 GC heap after
{Heap after GC invocations=399 (full 4):
 PSYoungGen      total 2560K, used 256K [0x00000000d5580000, 0x00000000d5900000, 0x0000000100000000)
  eden space 2048K, 0% used [0x00000000d5580000,0x00000000d5580000,0x00000000d5780000)
  from space 512K, 50% used [0x00000000d5800000,0x00000000d5840000,0x00000000d5880000)
  to   space 512K, 0% used [0x00000000d5880000,0x00000000d5880000,0x00000000d5900000)
 ParOldGen       total 200704K, used 89341K [0x0000000080000000, 0x000000008c400000, 0x00000000d5580000)
  object space 200704K, 44% used [0x0000000080000000,0x000000008573f498,0x000000008c400000)
 Metaspace       used 80383K, committed 82368K, reserved 1179648K
  class space    used 8246K, committed 9152K, reserved 1048576K
}
Event: 90534.032 GC heap before
{Heap before GC invocations=400 (full 4):
 PSYoungGen      total 2560K, used 2304K [0x00000000d5580000, 0x00000000d5900000, 0x0000000100000000)
  eden space 2048K, 100% used [0x00000000d5580000,0x00000000d5780000,0x00000000d5780000)
  from space 512K, 50% used [0x00000000d5800000,0x00000000d5840000,0x00000000d5880000)
  to   space 512K, 0% used [0x00000000d5880000,0x00000000d5880000,0x00000000d5900000)
 ParOldGen       total 200704K, used 89341K [0x0000000080000000, 0x000000008c400000, 0x00000000d5580000)
  object space 200704K, 44% used [0x0000000080000000,0x000000008573f498,0x000000008c400000)
 Metaspace       used 80399K, committed 82368K, reserved 1179648K
  class space    used 8246K, committed 9152K, reserved 1048576K
}
Event: 90534.050 GC heap after
{Heap after GC invocations=400 (full 4):
 PSYoungGen      total 2560K, used 378K [0x00000000d5580000, 0x00000000d5900000, 0x0000000100000000)
  eden space 2048K, 0% used [0x00000000d5580000,0x00000000d5580000,0x00000000d5780000)
  from space 512K, 73% used [0x00000000d5880000,0x00000000d58de920,0x00000000d5900000)
  to   space 512K, 0% used [0x00000000d5800000,0x00000000d5800000,0x00000000d5880000)
 ParOldGen       total 200704K, used 89517K [0x0000000080000000, 0x000000008c400000, 0x00000000d5580000)
  object space 200704K, 44% used [0x0000000080000000,0x000000008576b498,0x000000008c400000)
 Metaspace       used 80399K, committed 82368K, reserved 1179648K
  class space    used 8246K, committed 9152K, reserved 1048576K
}
Event: 90534.199 GC heap before
{Heap before GC invocations=401 (full 4):
 PSYoungGen      total 2560K, used 2426K [0x00000000d5580000, 0x00000000d5900000, 0x0000000100000000)
  eden space 2048K, 100% used [0x00000000d5580000,0x00000000d5780000,0x00000000d5780000)
  from space 512K, 73% used [0x00000000d5880000,0x00000000d58de920,0x00000000d5900000)
  to   space 512K, 0% used [0x00000000d5800000,0x00000000d5800000,0x00000000d5880000)
 ParOldGen       total 200704K, used 89517K [0x0000000080000000, 0x000000008c400000, 0x00000000d5580000)
  object space 200704K, 44% used [0x0000000080000000,0x000000008576b498,0x000000008c400000)
 Metaspace       used 80418K, committed 82368K, reserved 1179648K
  class space    used 8251K, committed 9152K, reserved 1048576K
}
Event: 90534.207 GC heap after
{Heap after GC invocations=401 (full 4):
 PSYoungGen      total 2560K, used 400K [0x00000000d5580000, 0x00000000d5900000, 0x0000000100000000)
  eden space 2048K, 0% used [0x00000000d5580000,0x00000000d5580000,0x00000000d5780000)
  from space 512K, 78% used [0x00000000d5800000,0x00000000d5864010,0x00000000d5880000)
  to   space 512K, 0% used [0x00000000d5880000,0x00000000d5880000,0x00000000d5900000)
 ParOldGen       total 200704K, used 89697K [0x0000000080000000, 0x000000008c400000, 0x00000000d5580000)
  object space 200704K, 44% used [0x0000000080000000,0x00000000857986b8,0x000000008c400000)
 Metaspace       used 80418K, committed 82368K, reserved 1179648K
  class space    used 8251K, committed 9152K, reserved 1048576K
}
Event: 90534.472 GC heap before
{Heap before GC invocations=402 (full 4):
 PSYoungGen      total 2560K, used 2448K [0x00000000d5580000, 0x00000000d5900000, 0x0000000100000000)
  eden space 2048K, 100% used [0x00000000d5580000,0x00000000d5780000,0x00000000d5780000)
  from space 512K, 78% used [0x00000000d5800000,0x00000000d5864010,0x00000000d5880000)
  to   space 512K, 0% used [0x00000000d5880000,0x00000000d5880000,0x00000000d5900000)
 ParOldGen       total 200704K, used 89697K [0x0000000080000000, 0x000000008c400000, 0x00000000d5580000)
  object space 200704K, 44% used [0x0000000080000000,0x00000000857986b8,0x000000008c400000)
 Metaspace       used 80427K, committed 82368K, reserved 1179648K
  class space    used 8251K, committed 9152K, reserved 1048576K
}
Event: 90534.480 GC heap after
{Heap after GC invocations=402 (full 4):
 PSYoungGen      total 2560K, used 320K [0x00000000d5580000, 0x00000000d5900000, 0x0000000100000000)
  eden space 2048K, 0% used [0x00000000d5580000,0x00000000d5580000,0x00000000d5780000)
  from space 512K, 62% used [0x00000000d5880000,0x00000000d58d0000,0x00000000d5900000)
  to   space 512K, 0% used [0x00000000d5800000,0x00000000d5800000,0x00000000d5880000)
 ParOldGen       total 200704K, used 90049K [0x0000000080000000, 0x000000008c400000, 0x00000000d5580000)
  object space 200704K, 44% used [0x0000000080000000,0x00000000857f06c8,0x000000008c400000)
 Metaspace       used 80427K, committed 82368K, reserved 1179648K
  class space    used 8251K, committed 9152K, reserved 1048576K
}
Event: 90535.711 GC heap before
{Heap before GC invocations=403 (full 4):
 PSYoungGen      total 2560K, used 2368K [0x00000000d5580000, 0x00000000d5900000, 0x0000000100000000)
  eden space 2048K, 100% used [0x00000000d5580000,0x00000000d5780000,0x00000000d5780000)
  from space 512K, 62% used [0x00000000d5880000,0x00000000d58d0000,0x00000000d5900000)
  to   space 512K, 0% used [0x00000000d5800000,0x00000000d5800000,0x00000000d5880000)
 ParOldGen       total 200704K, used 90049K [0x0000000080000000, 0x000000008c400000, 0x00000000d5580000)
  object space 200704K, 44% used [0x0000000080000000,0x00000000857f06c8,0x000000008c400000)
 Metaspace       used 80435K, committed 82368K, reserved 1179648K
  class space    used 8251K, committed 9152K, reserved 1048576K
}
Event: 90535.719 GC heap after
{Heap after GC invocations=403 (full 4):
 PSYoungGen      total 2560K, used 484K [0x00000000d5580000, 0x00000000d5980000, 0x0000000100000000)
  eden space 2048K, 0% used [0x00000000d5580000,0x00000000d5580000,0x00000000d5780000)
  from space 512K, 94% used [0x00000000d5800000,0x00000000d5879210,0x00000000d5880000)
  to   space 1024K, 0% used [0x00000000d5880000,0x00000000d5880000,0x00000000d5980000)
 ParOldGen       total 200704K, used 90310K [0x0000000080000000, 0x000000008c400000, 0x00000000d5580000)
  object space 200704K, 44% used [0x0000000080000000,0x0000000085831958,0x000000008c400000)
 Metaspace       used 80435K, committed 82368K, reserved 1179648K
  class space    used 8251K, committed 9152K, reserved 1048576K
}
Event: 90535.726 GC heap before
{Heap before GC invocations=404 (full 4):
 PSYoungGen      total 2560K, used 2532K [0x00000000d5580000, 0x00000000d5980000, 0x0000000100000000)
  eden space 2048K, 100% used [0x00000000d5580000,0x00000000d5780000,0x00000000d5780000)
  from space 512K, 94% used [0x00000000d5800000,0x00000000d5879210,0x00000000d5880000)
  to   space 1024K, 0% used [0x00000000d5880000,0x00000000d5880000,0x00000000d5980000)
 ParOldGen       total 200704K, used 90310K [0x0000000080000000, 0x000000008c400000, 0x00000000d5580000)
  object space 200704K, 44% used [0x0000000080000000,0x0000000085831958,0x000000008c400000)
 Metaspace       used 80435K, committed 82368K, reserved 1179648K
  class space    used 8251K, committed 9152K, reserved 1048576K
}
Event: 90535.733 GC heap after
{Heap after GC invocations=404 (full 4):
 PSYoungGen      total 2560K, used 224K [0x00000000d5580000, 0x00000000d5900000, 0x0000000100000000)
  eden space 2048K, 0% used [0x00000000d5580000,0x00000000d5580000,0x00000000d5780000)
  from space 512K, 43% used [0x00000000d5880000,0x00000000d58b8000,0x00000000d5900000)
  to   space 512K, 0% used [0x00000000d5800000,0x00000000d5800000,0x00000000d5880000)
 ParOldGen       total 200704K, used 90730K [0x0000000080000000, 0x000000008c400000, 0x00000000d5580000)
  object space 200704K, 45% used [0x0000000080000000,0x000000008589ab68,0x000000008c400000)
 Metaspace       used 80435K, committed 82368K, reserved 1179648K
  class space    used 8251K, committed 9152K, reserved 1048576K
}
Event: 90535.770 GC heap before
{Heap before GC invocations=405 (full 4):
 PSYoungGen      total 2560K, used 2272K [0x00000000d5580000, 0x00000000d5900000, 0x0000000100000000)
  eden space 2048K, 100% used [0x00000000d5580000,0x00000000d5780000,0x00000000d5780000)
  from space 512K, 43% used [0x00000000d5880000,0x00000000d58b8000,0x00000000d5900000)
  to   space 512K, 0% used [0x00000000d5800000,0x00000000d5800000,0x00000000d5880000)
 ParOldGen       total 200704K, used 90730K [0x0000000080000000, 0x000000008c400000, 0x00000000d5580000)
  object space 200704K, 45% used [0x0000000080000000,0x000000008589ab68,0x000000008c400000)
 Metaspace       used 80436K, committed 82368K, reserved 1179648K
  class space    used 8251K, committed 9152K, reserved 1048576K
}
Event: 90535.773 GC heap after
{Heap after GC invocations=405 (full 4):
 PSYoungGen      total 2560K, used 484K [0x00000000d5580000, 0x00000000d5980000, 0x0000000100000000)
  eden space 2048K, 0% used [0x00000000d5580000,0x00000000d5580000,0x00000000d5780000)
  from space 512K, 94% used [0x00000000d5800000,0x00000000d5879210,0x00000000d5880000)
  to   space 1024K, 0% used [0x00000000d5880000,0x00000000d5880000,0x00000000d5980000)
 ParOldGen       total 200704K, used 90906K [0x0000000080000000, 0x000000008c400000, 0x00000000d5580000)
  object space 200704K, 45% used [0x0000000080000000,0x00000000858c6b68,0x000000008c400000)
 Metaspace       used 80436K, committed 82368K, reserved 1179648K
  class space    used 8251K, committed 9152K, reserved 1048576K
}
Event: 90786.124 GC heap before
{Heap before GC invocations=406 (full 4):
 PSYoungGen      total 2560K, used 2532K [0x00000000d5580000, 0x00000000d5980000, 0x0000000100000000)
  eden space 2048K, 100% used [0x00000000d5580000,0x00000000d5780000,0x00000000d5780000)
  from space 512K, 94% used [0x00000000d5800000,0x00000000d5879210,0x00000000d5880000)
  to   space 1024K, 0% used [0x00000000d5880000,0x00000000d5880000,0x00000000d5980000)
 ParOldGen       total 200704K, used 90906K [0x0000000080000000, 0x000000008c400000, 0x00000000d5580000)
  object space 200704K, 45% used [0x0000000080000000,0x00000000858c6b68,0x000000008c400000)
 Metaspace       used 80437K, committed 82368K, reserved 1179648K
  class space    used 8251K, committed 9152K, reserved 1048576K
}
Event: 90786.229 GC heap after
{Heap after GC invocations=406 (full 4):
 PSYoungGen      total 2560K, used 256K [0x00000000d5580000, 0x00000000d5900000, 0x0000000100000000)
  eden space 2048K, 0% used [0x00000000d5580000,0x00000000d5580000,0x00000000d5780000)
  from space 512K, 50% used [0x00000000d5880000,0x00000000d58c0000,0x00000000d5900000)
  to   space 512K, 0% used [0x00000000d5800000,0x00000000d5800000,0x00000000d5880000)
 ParOldGen       total 200704K, used 91359K [0x0000000080000000, 0x000000008c400000, 0x00000000d5580000)
  object space 200704K, 45% used [0x0000000080000000,0x0000000085937d78,0x000000008c400000)
 Metaspace       used 80437K, committed 82368K, reserved 1179648K
  class space    used 8251K, committed 9152K, reserved 1048576K
}
Event: 90790.981 GC heap before
{Heap before GC invocations=407 (full 4):
 PSYoungGen      total 2560K, used 2303K [0x00000000d5580000, 0x00000000d5900000, 0x0000000100000000)
  eden space 2048K, 99% used [0x00000000d5580000,0x00000000d577ffd0,0x00000000d5780000)
  from space 512K, 50% used [0x00000000d5880000,0x00000000d58c0000,0x00000000d5900000)
  to   space 512K, 0% used [0x00000000d5800000,0x00000000d5800000,0x00000000d5880000)
 ParOldGen       total 200704K, used 91359K [0x0000000080000000, 0x000000008c400000, 0x00000000d5580000)
  object space 200704K, 45% used [0x0000000080000000,0x0000000085937d78,0x000000008c400000)
 Metaspace       used 80675K, committed 82496K, reserved 1179648K
  class space    used 8295K, committed 9152K, reserved 1048576K
}
Event: 90790.992 GC heap after
{Heap after GC invocations=407 (full 4):
 PSYoungGen      total 2560K, used 192K [0x00000000d5580000, 0x00000000d5900000, 0x0000000100000000)
  eden space 2048K, 0% used [0x00000000d5580000,0x00000000d5580000,0x00000000d5780000)
  from space 512K, 37% used [0x00000000d5800000,0x00000000d5830020,0x00000000d5880000)
  to   space 512K, 0% used [0x00000000d5880000,0x00000000d5880000,0x00000000d5900000)
 ParOldGen       total 200704K, used 91543K [0x0000000080000000, 0x000000008c400000, 0x00000000d5580000)
  object space 200704K, 45% used [0x0000000080000000,0x0000000085965d78,0x000000008c400000)
 Metaspace       used 80675K, committed 82496K, reserved 1179648K
  class space    used 8295K, committed 9152K, reserved 1048576K
}
Event: 90799.759 GC heap before
{Heap before GC invocations=408 (full 4):
 PSYoungGen      total 2560K, used 2240K [0x00000000d5580000, 0x00000000d5900000, 0x0000000100000000)
  eden space 2048K, 100% used [0x00000000d5580000,0x00000000d5780000,0x00000000d5780000)
  from space 512K, 37% used [0x00000000d5800000,0x00000000d5830020,0x00000000d5880000)
  to   space 512K, 0% used [0x00000000d5880000,0x00000000d5880000,0x00000000d5900000)
 ParOldGen       total 200704K, used 91543K [0x0000000080000000, 0x000000008c400000, 0x00000000d5580000)
  object space 200704K, 45% used [0x0000000080000000,0x0000000085965d78,0x000000008c400000)
 Metaspace       used 80961K, committed 82752K, reserved 1179648K
  class space    used 8324K, committed 9216K, reserved 1048576K
}
Event: 90799.798 GC heap after
{Heap after GC invocations=408 (full 4):
 PSYoungGen      total 2560K, used 128K [0x00000000d5580000, 0x00000000d5900000, 0x0000000100000000)
  eden space 2048K, 0% used [0x00000000d5580000,0x00000000d5580000,0x00000000d5780000)
  from space 512K, 25% used [0x00000000d5880000,0x00000000d58a0000,0x00000000d5900000)
  to   space 512K, 0% used [0x00000000d5800000,0x00000000d5800000,0x00000000d5880000)
 ParOldGen       total 200704K, used 91647K [0x0000000080000000, 0x000000008c400000, 0x00000000d5580000)
  object space 200704K, 45% used [0x0000000080000000,0x000000008597fd98,0x000000008c400000)
 Metaspace       used 80961K, committed 82752K, reserved 1179648K
  class space    used 8324K, committed 9216K, reserved 1048576K
}

