# JRE version: OpenJDK Runtime Environment Temurin-21.0.10+7 (21.0.10+7) (build 21.0.10+7-LTS)
# Java VM: OpenJDK 64-Bit Server VM Temurin-21.0.10+7 (21.0.10+7-LTS, mixed mode, sharing, tiered, compressed oops, compressed class ptrs, parallel gc, windows-amd64)
GC Precious Log:
 CardTable entry size: 512
 CPUs: 4 total, 4 available
 Memory: 3998M
 Large Page Support: Disabled
 NUMA Support: Disabled
 Compressed Oops: Enabled (32-bit)
 Alignments: Space 512K, Generation 512K, Heap 2M
 Heap Min Capacity: 100M
 Heap Initial Capacity: 100M
 Heap Max Capacity: 2G
 Pre-touch: Disabled
 Parallel Workers: 4
Heap:
 PSYoungGen      total 9728K, used 7354K [0x00000000d5580000, 0x00000000d6000000, 0x0000000100000000)
  eden space 9216K, 77% used [0x00000000d5580000,0x00000000d5c7ea20,0x00000000d5e80000)
  from space 512K, 37% used [0x00000000d5f80000,0x00000000d5fb0000,0x00000000d6000000)
  to   space 512K, 0% used [0x00000000d5f00000,0x00000000d5f00000,0x00000000d5f80000)
 ParOldGen       total 104448K, used 104163K [0x0000000080000000, 0x0000000086600000, 0x00000000d5580000)
  object space 104448K, 99% used [0x0000000080000000,0x00000000865b8e88,0x0000000086600000)
 Metaspace       used 71109K, committed 72576K, reserved 1114112K
  class space    used 7445K, committed 8064K, reserved 1048576K
GC Heap History (20 events):
Event: 107.895 GC heap before
{Heap before GC invocations=140 (full 3):
 PSYoungGen      total 9728K, used 9516K [0x00000000d5580000, 0x00000000d6000000, 0x0000000100000000)
  eden space 9216K, 100% used [0x00000000d5580000,0x00000000d5e80000,0x00000000d5e80000)
  from space 512K, 58% used [0x00000000d5f80000,0x00000000d5fcb138,0x00000000d6000000)
  to   space 512K, 0% used [0x00000000d5f00000,0x00000000d5f00000,0x00000000d5f80000)
 ParOldGen       total 101888K, used 101657K [0x0000000080000000, 0x0000000086380000, 0x00000000d5580000)
  object space 101888K, 99% used [0x0000000080000000,0x00000000863465c8,0x0000000086380000)
 Metaspace       used 70792K, committed 72320K, reserved 1114112K
  class space    used 7416K, committed 8064K, reserved 1048576K
}
Event: 107.897 GC heap after
{Heap after GC invocations=140 (full 3):
 PSYoungGen      total 9728K, used 402K [0x00000000d5580000, 0x00000000d6000000, 0x0000000100000000)
  eden space 9216K, 0% used [0x00000000d5580000,0x00000000d5580000,0x00000000d5e80000)
  from space 512K, 78% used [0x00000000d5f00000,0x00000000d5f64950,0x00000000d5f80000)
  to   space 512K, 0% used [0x00000000d5f80000,0x00000000d5f80000,0x00000000d6000000)
 ParOldGen       total 101888K, used 101851K [0x0000000080000000, 0x0000000086380000, 0x00000000d5580000)
  object space 101888K, 99% used [0x0000000080000000,0x0000000086376e88,0x0000000086380000)
 Metaspace       used 70792K, committed 72320K, reserved 1114112K
  class space    used 7416K, committed 8064K, reserved 1048576K
}
Event: 107.934 GC heap before
{Heap before GC invocations=141 (full 3):
 PSYoungGen      total 9728K, used 9618K [0x00000000d5580000, 0x00000000d6000000, 0x0000000100000000)
  eden space 9216K, 100% used [0x00000000d5580000,0x00000000d5e80000,0x00000000d5e80000)
  from space 512K, 78% used [0x00000000d5f00000,0x00000000d5f64950,0x00000000d5f80000)
  to   space 512K, 0% used [0x00000000d5f80000,0x00000000d5f80000,0x00000000d6000000)
 ParOldGen       total 101888K, used 101851K [0x0000000080000000, 0x0000000086380000, 0x00000000d5580000)
  object space 101888K, 99% used [0x0000000080000000,0x0000000086376e88,0x0000000086380000)
 Metaspace       used 70792K, committed 72320K, reserved 1114112K
  class space    used 7416K, committed 8064K, reserved 1048576K
}
Event: 107.936 GC heap after
{Heap after GC invocations=141 (full 3):
 PSYoungGen      total 9728K, used 218K [0x00000000d5580000, 0x00000000d6000000, 0x0000000100000000)
  eden space 9216K, 0% used [0x00000000d5580000,0x00000000d5580000,0x00000000d5e80000)
  from space 512K, 42% used [0x00000000d5f80000,0x00000000d5fb6b68,0x00000000d6000000)
  to   space 512K, 0% used [0x00000000d5f00000,0x00000000d5f00000,0x00000000d5f80000)
 ParOldGen       total 102400K, used 101979K [0x0000000080000000, 0x0000000086400000, 0x00000000d5580000)
  object space 102400K, 99% used [0x0000000080000000,0x0000000086396e88,0x0000000086400000)
 Metaspace       used 70792K, committed 72320K, reserved 1114112K
  class space    used 7416K, committed 8064K, reserved 1048576K
}
Event: 107.989 GC heap before
{Heap before GC invocations=142 (full 3):
 PSYoungGen      total 9728K, used 9434K [0x00000000d5580000, 0x00000000d6000000, 0x0000000100000000)
  eden space 9216K, 100% used [0x00000000d5580000,0x00000000d5e80000,0x00000000d5e80000)
  from space 512K, 42% used [0x00000000d5f80000,0x00000000d5fb6b68,0x00000000d6000000)
  to   space 512K, 0% used [0x00000000d5f00000,0x00000000d5f00000,0x00000000d5f80000)
 ParOldGen       total 102400K, used 101979K [0x0000000080000000, 0x0000000086400000, 0x00000000d5580000)
  object space 102400K, 99% used [0x0000000080000000,0x0000000086396e88,0x0000000086400000)
 Metaspace       used 70793K, committed 72320K, reserved 1114112K
  class space    used 7416K, committed 8064K, reserved 1048576K
}
Event: 107.991 GC heap after
{Heap after GC invocations=142 (full 3):
 PSYoungGen      total 9728K, used 360K [0x00000000d5580000, 0x00000000d6000000, 0x0000000100000000)
  eden space 9216K, 0% used [0x00000000d5580000,0x00000000d5580000,0x00000000d5e80000)
  from space 512K, 70% used [0x00000000d5f00000,0x00000000d5f5a238,0x00000000d5f80000)
  to   space 512K, 0% used [0x00000000d5f80000,0x00000000d5f80000,0x00000000d6000000)
 ParOldGen       total 102400K, used 102123K [0x0000000080000000, 0x0000000086400000, 0x00000000d5580000)
  object space 102400K, 99% used [0x0000000080000000,0x00000000863bae88,0x0000000086400000)
 Metaspace       used 70793K, committed 72320K, reserved 1114112K
  class space    used 7416K, committed 8064K, reserved 1048576K
}
Event: 108.035 GC heap before
{Heap before GC invocations=143 (full 3):
 PSYoungGen      total 9728K, used 9576K [0x00000000d5580000, 0x00000000d6000000, 0x0000000100000000)
  eden space 9216K, 100% used [0x00000000d5580000,0x00000000d5e80000,0x00000000d5e80000)
  from space 512K, 70% used [0x00000000d5f00000,0x00000000d5f5a238,0x00000000d5f80000)
  to   space 512K, 0% used [0x00000000d5f80000,0x00000000d5f80000,0x00000000d6000000)
 ParOldGen       total 102400K, used 102123K [0x0000000080000000, 0x0000000086400000, 0x00000000d5580000)
  object space 102400K, 99% used [0x0000000080000000,0x00000000863bae88,0x0000000086400000)
 Metaspace       used 70793K, committed 72320K, reserved 1114112K
  class space    used 7416K, committed 8064K, reserved 1048576K
}
Event: 108.036 GC heap after
{Heap after GC invocations=143 (full 3):
 PSYoungGen      total 9728K, used 355K [0x00000000d5580000, 0x00000000d6000000, 0x0000000100000000)
  eden space 9216K, 0% used [0x00000000d5580000,0x00000000d5580000,0x00000000d5e80000)
  from space 512K, 69% used [0x00000000d5f80000,0x00000000d5fd8d30,0x00000000d6000000)
  to   space 512K, 0% used [0x00000000d5f00000,0x00000000d5f00000,0x00000000d5f80000)
 ParOldGen       total 102400K, used 102283K [0x0000000080000000, 0x0000000086400000, 0x00000000d5580000)
  object space 102400K, 99% used [0x0000000080000000,0x00000000863e2e88,0x0000000086400000)
 Metaspace       used 70793K, committed 72320K, reserved 1114112K
  class space    used 7416K, committed 8064K, reserved 1048576K
}
Event: 108.064 GC heap before
{Heap before GC invocations=144 (full 3):
 PSYoungGen      total 9728K, used 8898K [0x00000000d5580000, 0x00000000d6000000, 0x0000000100000000)
  eden space 9216K, 92% used [0x00000000d5580000,0x00000000d5dd7b80,0x00000000d5e80000)
  from space 512K, 69% used [0x00000000d5f80000,0x00000000d5fd8d30,0x00000000d6000000)
  to   space 512K, 0% used [0x00000000d5f00000,0x00000000d5f00000,0x00000000d5f80000)
 ParOldGen       total 102400K, used 102283K [0x0000000080000000, 0x0000000086400000, 0x00000000d5580000)
  object space 102400K, 99% used [0x0000000080000000,0x00000000863e2e88,0x0000000086400000)
 Metaspace       used 70797K, committed 72320K, reserved 1114112K
  class space    used 7416K, committed 8064K, reserved 1048576K
}
Event: 108.066 GC heap after
{Heap after GC invocations=144 (full 3):
 PSYoungGen      total 9728K, used 256K [0x00000000d5580000, 0x00000000d6000000, 0x0000000100000000)
  eden space 9216K, 0% used [0x00000000d5580000,0x00000000d5580000,0x00000000d5e80000)
  from space 512K, 50% used [0x00000000d5f00000,0x00000000d5f40000,0x00000000d5f80000)
  to   space 512K, 0% used [0x00000000d5f80000,0x00000000d5f80000,0x00000000d6000000)
 ParOldGen       total 102912K, used 102475K [0x0000000080000000, 0x0000000086480000, 0x00000000d5580000)
  object space 102912K, 99% used [0x0000000080000000,0x0000000086412e88,0x0000000086480000)
 Metaspace       used 70797K, committed 72320K, reserved 1114112K
  class space    used 7416K, committed 8064K, reserved 1048576K
}
Event: 108.140 GC heap before
{Heap before GC invocations=145 (full 3):
 PSYoungGen      total 9728K, used 9472K [0x00000000d5580000, 0x00000000d6000000, 0x0000000100000000)
  eden space 9216K, 100% used [0x00000000d5580000,0x00000000d5e80000,0x00000000d5e80000)
  from space 512K, 50% used [0x00000000d5f00000,0x00000000d5f40000,0x00000000d5f80000)
  to   space 512K, 0% used [0x00000000d5f80000,0x00000000d5f80000,0x00000000d6000000)
 ParOldGen       total 102912K, used 102475K [0x0000000080000000, 0x0000000086480000, 0x00000000d5580000)
  object space 102912K, 99% used [0x0000000080000000,0x0000000086412e88,0x0000000086480000)
 Metaspace       used 70797K, committed 72320K, reserved 1114112K
  class space    used 7416K, committed 8064K, reserved 1048576K
}
Event: 108.144 GC heap after
{Heap after GC invocations=145 (full 3):
 PSYoungGen      total 9728K, used 299K [0x00000000d5580000, 0x00000000d6000000, 0x0000000100000000)
  eden space 9216K, 0% used [0x00000000d5580000,0x00000000d5580000,0x00000000d5e80000)
  from space 512K, 58% used [0x00000000d5f80000,0x00000000d5fcad50,0x00000000d6000000)
  to   space 512K, 0% used [0x00000000d5f00000,0x00000000d5f00000,0x00000000d5f80000)
 ParOldGen       total 103936K, used 103435K [0x0000000080000000, 0x0000000086580000, 0x00000000d5580000)
  object space 103936K, 99% used [0x0000000080000000,0x0000000086502e88,0x0000000086580000)
 Metaspace       used 70797K, committed 72320K, reserved 1114112K
  class space    used 7416K, committed 8064K, reserved 1048576K
}
Event: 108.194 GC heap before
{Heap before GC invocations=146 (full 3):
 PSYoungGen      total 9728K, used 9515K [0x00000000d5580000, 0x00000000d6000000, 0x0000000100000000)
  eden space 9216K, 100% used [0x00000000d5580000,0x00000000d5e80000,0x00000000d5e80000)
  from space 512K, 58% used [0x00000000d5f80000,0x00000000d5fcad50,0x00000000d6000000)
  to   space 512K, 0% used [0x00000000d5f00000,0x00000000d5f00000,0x00000000d5f80000)
 ParOldGen       total 103936K, used 103435K [0x0000000080000000, 0x0000000086580000, 0x00000000d5580000)
  object space 103936K, 99% used [0x0000000080000000,0x0000000086502e88,0x0000000086580000)
 Metaspace       used 70801K, committed 72320K, reserved 1114112K
  class space    used 7416K, committed 8064K, reserved 1048576K
}
Event: 108.197 GC heap after
{Heap after GC invocations=146 (full 3):
 PSYoungGen      total 9728K, used 384K [0x00000000d5580000, 0x00000000d6000000, 0x0000000100000000)
  eden space 9216K, 0% used [0x00000000d5580000,0x00000000d5580000,0x00000000d5e80000)
  from space 512K, 75% used [0x00000000d5f00000,0x00000000d5f60000,0x00000000d5f80000)
  to   space 512K, 0% used [0x00000000d5f80000,0x00000000d5f80000,0x00000000d6000000)
 ParOldGen       total 103936K, used 103523K [0x0000000080000000, 0x0000000086580000, 0x00000000d5580000)
  object space 103936K, 99% used [0x0000000080000000,0x0000000086518e88,0x0000000086580000)
 Metaspace       used 70801K, committed 72320K, reserved 1114112K
  class space    used 7416K, committed 8064K, reserved 1048576K
}
Event: 108.270 GC heap before
{Heap before GC invocations=147 (full 3):
 PSYoungGen      total 9728K, used 9600K [0x00000000d5580000, 0x00000000d6000000, 0x0000000100000000)
  eden space 9216K, 100% used [0x00000000d5580000,0x00000000d5e80000,0x00000000d5e80000)
  from space 512K, 75% used [0x00000000d5f00000,0x00000000d5f60000,0x00000000d5f80000)
  to   space 512K, 0% used [0x00000000d5f80000,0x00000000d5f80000,0x00000000d6000000)
 ParOldGen       total 103936K, used 103523K [0x0000000080000000, 0x0000000086580000, 0x00000000d5580000)
  object space 103936K, 99% used [0x0000000080000000,0x0000000086518e88,0x0000000086580000)
 Metaspace       used 70802K, committed 72320K, reserved 1114112K
  class space    used 7416K, committed 8064K, reserved 1048576K
}
Event: 108.272 GC heap after
{Heap after GC invocations=147 (full 3):
 PSYoungGen      total 9728K, used 244K [0x00000000d5580000, 0x00000000d6000000, 0x0000000100000000)
  eden space 9216K, 0% used [0x00000000d5580000,0x00000000d5580000,0x00000000d5e80000)
  from space 512K, 47% used [0x00000000d5f80000,0x00000000d5fbd0f0,0x00000000d6000000)
  to   space 512K, 0% used [0x00000000d5f00000,0x00000000d5f00000,0x00000000d5f80000)
 ParOldGen       total 103936K, used 103819K [0x0000000080000000, 0x0000000086580000, 0x00000000d5580000)
  object space 103936K, 99% used [0x0000000080000000,0x0000000086562e88,0x0000000086580000)
 Metaspace       used 70802K, committed 72320K, reserved 1114112K
  class space    used 7416K, committed 8064K, reserved 1048576K
}
Event: 108.410 GC heap before
{Heap before GC invocations=148 (full 3):
 PSYoungGen      total 9728K, used 9460K [0x00000000d5580000, 0x00000000d6000000, 0x0000000100000000)
  eden space 9216K, 100% used [0x00000000d5580000,0x00000000d5e80000,0x00000000d5e80000)
  from space 512K, 47% used [0x00000000d5f80000,0x00000000d5fbd0f0,0x00000000d6000000)
  to   space 512K, 0% used [0x00000000d5f00000,0x00000000d5f00000,0x00000000d5f80000)
 ParOldGen       total 103936K, used 103819K [0x0000000080000000, 0x0000000086580000, 0x00000000d5580000)
  object space 103936K, 99% used [0x0000000080000000,0x0000000086562e88,0x0000000086580000)
 Metaspace       used 70804K, committed 72320K, reserved 1114112K
  class space    used 7416K, committed 8064K, reserved 1048576K
}
Event: 108.411 GC heap after
{Heap after GC invocations=148 (full 3):
 PSYoungGen      total 9728K, used 387K [0x00000000d5580000, 0x00000000d6000000, 0x0000000100000000)
  eden space 9216K, 0% used [0x00000000d5580000,0x00000000d5580000,0x00000000d5e80000)
  from space 512K, 75% used [0x00000000d5f00000,0x00000000d5f60e98,0x00000000d5f80000)
  to   space 512K, 0% used [0x00000000d5f80000,0x00000000d5f80000,0x00000000d6000000)
 ParOldGen       total 104448K, used 103995K [0x0000000080000000, 0x0000000086600000, 0x00000000d5580000)
  object space 104448K, 99% used [0x0000000080000000,0x000000008658ee88,0x0000000086600000)
 Metaspace       used 70804K, committed 72320K, reserved 1114112K
  class space    used 7416K, committed 8064K, reserved 1048576K
}
Event: 108.531 GC heap before
{Heap before GC invocations=149 (full 3):
 PSYoungGen      total 9728K, used 9603K [0x00000000d5580000, 0x00000000d6000000, 0x0000000100000000)
  eden space 9216K, 100% used [0x00000000d5580000,0x00000000d5e80000,0x00000000d5e80000)
  from space 512K, 75% used [0x00000000d5f00000,0x00000000d5f60e98,0x00000000d5f80000)
  to   space 512K, 0% used [0x00000000d5f80000,0x00000000d5f80000,0x00000000d6000000)
 ParOldGen       total 104448K, used 103995K [0x0000000080000000, 0x0000000086600000, 0x00000000d5580000)
  object space 104448K, 99% used [0x0000000080000000,0x000000008658ee88,0x0000000086600000)
 Metaspace       used 70804K, committed 72320K, reserved 1114112K
  class space    used 7416K, committed 8064K, reserved 1048576K
}
Event: 108.533 GC heap after
{Heap after GC invocations=149 (full 3):
 PSYoungGen      total 9728K, used 192K [0x00000000d5580000, 0x00000000d6000000, 0x0000000100000000)
  eden space 9216K, 0% used [0x00000000d5580000,0x00000000d5580000,0x00000000d5e80000)
  from space 512K, 37% used [0x00000000d5f80000,0x00000000d5fb0000,0x00000000d6000000)
  to   space 512K, 0% used [0x00000000d5f00000,0x00000000d5f00000,0x00000000d5f80000)
 ParOldGen       total 104448K, used 104163K [0x0000000080000000, 0x0000000086600000, 0x00000000d5580000)
  object space 104448K, 99% used [0x0000000080000000,0x00000000865b8e88,0x0000000086600000)
 Metaspace       used 70804K, committed 72320K, reserved 1114112K
  class space    used 7416K, committed 8064K, reserved 1048576K
}

