# JRE version: Java(TM) SE Runtime Environment (25.0.2+10) (build 25.0.2+10-LTS-69)
# Java VM: Java HotSpot(TM) 64-Bit Server VM (25.0.2+10-LTS-69, mixed mode, emulated-client, sharing, tiered, compressed oops, compressed class ptrs, g1 gc, windows-amd64)
GC Precious Log:
 CardTable entry size: 512
 Card Set container configuration: InlinePtr #cards 5 size 8 Array Of Cards #cards 10 size 36 Howl #buckets 4 coarsen threshold 1843 Howl Bitmap #cards 512 size 80 coarsen threshold 460 Card regions per heap region 1 cards per card region 2048
 CPUs: 4 total, 4 available
 Memory: 3998M
 Large Page Support: Disabled
 NUMA Support: Disabled
 Compressed Oops: Enabled (32-bit)
 Heap Region Size: 1M
 Heap Min Capacity: 8M
 Heap Initial Capacity: 64M
 Heap Max Capacity: 1000M
 Pre-touch: Disabled
 Parallel Workers: 4
 Concurrent Workers: 1
 Concurrent Refinement Workers: 4
 Periodic GC: Disabled
Heap:
 garbage-first heap   total reserved 1024000K, committed 65536K, used 40293K [0x00000000c1800000, 0x0000000100000000)
  region size 1024K, 16 young (16384K), 2 survivors (2048K)
GC Heap Usage History (20 events):
Event: 2.301 {heap Before GC invocations=0 (full 0):
 garbage-first heap   total reserved 1024000K, committed 67584K, used 31893K [0x00000000c1800000, 0x0000000100000000)
  region size 1024K, 28 young (28672K), 0 survivors (0K)
}
Event: 2.322 {heap After GC invocations=1 (full 0):
 garbage-first heap   total reserved 1024000K, committed 67584K, used 9557K [0x00000000c1800000, 0x0000000100000000)
  region size 1024K, 4 young (4096K), 4 survivors (4096K)
}
Event: 3.442 {heap Before GC invocations=1 (full 0):
 garbage-first heap   total reserved 1024000K, committed 67584K, used 34133K [0x00000000c1800000, 0x0000000100000000)
  region size 1024K, 28 young (28672K), 4 survivors (4096K)
}
Event: 3.449 {heap After GC invocations=2 (full 0):
 garbage-first heap   total reserved 1024000K, committed 67584K, used 11538K [0x00000000c1800000, 0x0000000100000000)
  region size 1024K, 2 young (2048K), 2 survivors (2048K)
}
Event: 4.459 {heap Before GC invocations=2 (full 0):
 garbage-first heap   total reserved 1024000K, committed 67584K, used 40210K [0x00000000c1800000, 0x0000000100000000)
  region size 1024K, 30 young (30720K), 2 survivors (2048K)
}
Event: 4.470 {heap After GC invocations=3 (full 0):
 garbage-first heap   total reserved 1024000K, committed 67584K, used 14755K [0x00000000c1800000, 0x0000000100000000)
  region size 1024K, 4 young (4096K), 4 survivors (4096K)
}
Event: 5.744 {heap Before GC invocations=3 (full 0):
 garbage-first heap   total reserved 1024000K, committed 67584K, used 45475K [0x00000000c1800000, 0x0000000100000000)
  region size 1024K, 34 young (34816K), 4 survivors (4096K)
}
Event: 5.769 {heap After GC invocations=4 (full 0):
 garbage-first heap   total reserved 1024000K, committed 67584K, used 17551K [0x00000000c1800000, 0x0000000100000000)
  region size 1024K, 5 young (5120K), 5 survivors (5120K)
}
Event: 5.800 {heap Before GC invocations=4 (full 0):
 garbage-first heap   total reserved 1024000K, committed 67584K, used 17551K [0x00000000c1800000, 0x0000000100000000)
  region size 1024K, 6 young (6144K), 5 survivors (5120K)
}
Event: 5.817 {heap After GC invocations=5 (full 0):
 garbage-first heap   total reserved 1024000K, committed 67584K, used 18320K [0x00000000c1800000, 0x0000000100000000)
  region size 1024K, 3 young (3072K), 3 survivors (3072K)
}
Event: 7.462 {heap Before GC invocations=6 (full 0):
 garbage-first heap   total reserved 1024000K, committed 65536K, used 51088K [0x00000000c1800000, 0x0000000100000000)
  region size 1024K, 35 young (35840K), 3 survivors (3072K)
}
Event: 7.478 {heap After GC invocations=7 (full 0):
 garbage-first heap   total reserved 1024000K, committed 65536K, used 20812K [0x00000000c1800000, 0x0000000100000000)
  region size 1024K, 5 young (5120K), 5 survivors (5120K)
}
Event: 10.202 {heap Before GC invocations=7 (full 0):
 garbage-first heap   total reserved 1024000K, committed 65536K, used 50508K [0x00000000c1800000, 0x0000000100000000)
  region size 1024K, 34 young (34816K), 5 survivors (5120K)
}
Event: 10.215 {heap After GC invocations=8 (full 0):
 garbage-first heap   total reserved 1024000K, committed 65536K, used 23008K [0x00000000c1800000, 0x0000000100000000)
  region size 1024K, 2 young (2048K), 2 survivors (2048K)
}
Event: 10.387 {heap Before GC invocations=8 (full 0):
 garbage-first heap   total reserved 1024000K, committed 65536K, used 26080K [0x00000000c1800000, 0x0000000100000000)
  region size 1024K, 6 young (6144K), 2 survivors (2048K)
}
Event: 10.391 {heap After GC invocations=9 (full 0):
 garbage-first heap   total reserved 1024000K, committed 65536K, used 23227K [0x00000000c1800000, 0x0000000100000000)
  region size 1024K, 3 young (3072K), 3 survivors (3072K)
}
Event: 12.494 {heap Before GC invocations=10 (full 0):
 garbage-first heap   total reserved 1024000K, committed 65536K, used 52923K [0x00000000c1800000, 0x0000000100000000)
  region size 1024K, 32 young (32768K), 3 survivors (3072K)
}
Event: 12.503 {heap After GC invocations=11 (full 0):
 garbage-first heap   total reserved 1024000K, committed 65536K, used 25806K [0x00000000c1800000, 0x0000000100000000)
  region size 1024K, 4 young (4096K), 4 survivors (4096K)
}
Event: 14.088 {heap Before GC invocations=11 (full 0):
 garbage-first heap   total reserved 1024000K, committed 65536K, used 54478K [0x00000000c1800000, 0x0000000100000000)
  region size 1024K, 32 young (32768K), 4 survivors (4096K)
}
Event: 14.097 {heap After GC invocations=12 (full 0):
 garbage-first heap   total reserved 1024000K, committed 65536K, used 26981K [0x00000000c1800000, 0x0000000100000000)
  region size 1024K, 2 young (2048K), 2 survivors (2048K)
}

